=== Run information ===

Scheme:       weka.classifiers.trees.RandomForest -P 100 -I 500 -num-slots 4 -K 0 -M 1.0 -V 0.001 -S 1
Relation:     student-mat
Instances:    395
Attributes:   33
              school
              sex
              age
              address
              famsize
              pstatus
              medu
              fedu
              mjob
              fjob
              reason
              guardian
              traveltime
              studytime
              failures
              schoolsup
              famsup
              paid
              activities
              nursery
              higher
              internet
              romantic
              famrel
              freetime
              goout
              dalc
              walc
              health
              absences
              g1
              g2
              g3
Test mode:    10-fold cross-validation

=== Classifier model (full training set) ===

RandomForest

Bagging with 500 iterations and base learner

weka.classifiers.trees.RandomTree -K 0 -M 1.0 -V 0.001 -S 1 -do-not-check-capabilities

Time taken to build model: 0.22 seconds

=== Stratified cross-validation ===
=== Summary ===

Correctly Classified Instances         190               48.1013 %
Incorrectly Classified Instances       205               51.8987 %
Kappa statistic                          0.4289
Mean absolute error                      0.0818
Root mean squared error                  0.1963
Relative absolute error                 80.2536 %
Root relative squared error             86.9867 %
Total Number of Instances              395     

=== Detailed Accuracy By Class ===

                 TP Rate  FP Rate  Precision  Recall   F-Measure  MCC      ROC Area  PRC Area  Class
                 0.605    0.042    0.605      0.605    0.605      0.563    0.947     0.754     0
                 0.000    0.000    0.000      0.000    0.000      0.000    0.250     0.003     4
                 0.000    0.008    0.000      0.000    0.000      -0.012   0.879     0.253     5
                 0.400    0.016    0.500      0.400    0.444      0.428    0.926     0.416     6
                 0.000    0.003    0.000      0.000    0.000      -0.008   0.884     0.114     7
                 0.469    0.074    0.357      0.469    0.405      0.349    0.896     0.306     8
                 0.286    0.027    0.444      0.286    0.348      0.318    0.842     0.343     9
                 0.679    0.118    0.487      0.679    0.567      0.491    0.903     0.601     10
                 0.468    0.069    0.478      0.468    0.473      0.403    0.894     0.500     11
                 0.323    0.038    0.417      0.323    0.364      0.320    0.860     0.323     12
                 0.516    0.044    0.500      0.516    0.508      0.465    0.900     0.415     13
                 0.444    0.054    0.375      0.444    0.407      0.361    0.914     0.397     14
                 0.697    0.039    0.622      0.697    0.657      0.625    0.958     0.555     15
                 0.313    0.018    0.417      0.313    0.357      0.338    0.945     0.323     16
                 0.167    0.005    0.333      0.167    0.222      0.228    0.967     0.335     17
                 0.750    0.013    0.643      0.750    0.692      0.684    0.952     0.609     18
                 0.400    0.003    0.667      0.400    0.500      0.512    0.983     0.555     19
                 0.000    0.000    0.000      0.000    0.000      0.000    0.321     0.003     20
Weighted Avg.    0.481    0.052    0.463      0.481    0.466      0.421    0.905     0.464     

=== Confusion Matrix ===

  a  b  c  d  e  f  g  h  i  j  k  l  m  n  o  p  q  r   <-- classified as
 23  0  0  1  0  7  2  5  0  0  0  0  0  0  0  0  0  0 |  a = 0
  0  0  0  1  0  0  0  0  0  0  0  0  0  0  0  0  0  0 |  b = 4
  3  0  0  2  0  2  0  0  0  0  0  0  0  0  0  0  0  0 |  c = 5
  2  0  2  6  1  4  0  0  0  0  0  0  0  0  0  0  0  0 |  d = 6
  2  0  1  1  0  4  1  0  0  0  0  0  0  0  0  0  0  0 |  e = 7
  4  0  0  1  0 15  3  9  0  0  0  0  0  0  0  0  0  0 |  f = 8
  3  0  0  0  0  4  8 11  2  0  0  0  0  0  0  0  0  0 |  g = 9
  1  0  0  0  0  5  2 38  8  2  0  0  0  0  0  0  0  0 |  h = 10
  0  0  0  0  0  1  2 13 22  6  2  1  0  0  0  0  0  0 |  i = 11
  0  0  0  0  0  0  0  2 10 10  4  5  0  0  0  0  0  0 |  j = 12
  0  0  0  0  0  0  0  0  3  5 16  7  0  0  0  0  0  0 |  k = 13
  0  0  0  0  0  0  0  0  1  1 10 12  2  1  0  0  0  0 |  l = 14
  0  0  0  0  0  0  0  0  0  0  0  7 23  3  0  0  0  0 |  m = 15
  0  0  0  0  0  0  0  0  0  0  0  0 11  5  0  0  0  0 |  n = 16
  0  0  0  0  0  0  0  0  0  0  0  0  1  2  1  2  0  0 |  o = 17
  0  0  0  0  0  0  0  0  0  0  0  0  0  1  2  9  0  0 |  p = 18
  0  0  0  0  0  0  0  0  0  0  0  0  0  0  0  3  2  0 |  q = 19
  0  0  0  0  0  0  0  0  0  0  0  0  0  0  0  0  1  0 |  r = 20

