=== Run information ===

Scheme:       weka.classifiers.trees.REPTree -M 2 -V 0.001 -N 3 -S 1 -L -1 -I 0.0
Relation:     student-mat
Instances:    395
Attributes:   33
              school
              sex
              age
              address
              famsize
              pstatus
              medu
              fedu
              mjob
              fjob
              reason
              guardian
              traveltime
              studytime
              failures
              schoolsup
              famsup
              paid
              activities
              nursery
              higher
              internet
              romantic
              famrel
              freetime
              goout
              dalc
              walc
              health
              absences
              g1
              g2
              g3
Test mode:    10-fold cross-validation

=== Classifier model (full training set) ===


REPTree
============

g2 = 0 : 0 (7/0) [6/0]
g2 = 10 : 10 (29/14) [17/6]
g2 = 11 : 11 (22/10) [13/6]
g2 = 12 : 12 (30/17) [11/7]
g2 = 13 : 13 (27/13) [10/5]
g2 = 14 : 14 (14/6) [9/3]
g2 = 15 : 15 (21/7) [13/4]
g2 = 16 : 16 (7/3) [6/3]
g2 = 17 : 17 (5/2) [0/0]
g2 = 18 : 18 (8/2) [4/1]
g2 = 19 : 19 (2/0) [1/1]
g2 = 4 : 0 (1/0) [0/0]
g2 = 5
|   absences < 6 : 0 (5/2) [3/0]
|   absences >= 6 : 5 (4/0) [3/2]
g2 = 6 : 6 (8/4) [6/4]
g2 = 7 : 8 (15/12) [6/2]
g2 = 8 : 8 (22/12) [10/7]
g2 = 9
|   g1 = 10 : 9 (10/5) [4/2]
|   g1 = 11 : 9 (3/2) [1/0]
|   g1 = 12 : 10 (0/0) [0/0]
|   g1 = 13 : 10 (0/0) [0/0]
|   g1 = 14 : 10 (0/0) [0/0]
|   g1 = 15 : 10 (0/0) [0/0]
|   g1 = 16 : 10 (0/0) [0/0]
|   g1 = 17 : 10 (0/0) [0/0]
|   g1 = 18 : 10 (0/0) [0/0]
|   g1 = 19 : 10 (0/0) [0/0]
|   g1 = 3 : 10 (0/0) [0/0]
|   g1 = 4 : 10 (0/0) [0/0]
|   g1 = 5 : 7 (0/0) [1/0]
|   g1 = 6 : 8 (2/0) [0/0]
|   g1 = 7 : 8 (4/1) [1/0]
|   g1 = 8 : 10 (9/4) [2/0]
|   g1 = 9
|   |   absences < 7 : 10 (4/1) [2/0]
|   |   absences >= 7 : 9 (4/0) [3/2]

Size of the tree : 39

Time taken to build model: 0.01 seconds

=== Stratified cross-validation ===
=== Summary ===

Correctly Classified Instances         207               52.4051 %
Incorrectly Classified Instances       188               47.5949 %
Kappa statistic                          0.4772
Mean absolute error                      0.0682
Root mean squared error                  0.1942
Relative absolute error                 66.8876 %
Root relative squared error             86.0686 %
Total Number of Instances              395     

=== Detailed Accuracy By Class ===

                 TP Rate  FP Rate  Precision  Recall   F-Measure  MCC      ROC Area  PRC Area  Class
                 0.500    0.017    0.760      0.500    0.603      0.585    0.850     0.569     0
                 0.000    0.000    0.000      0.000    0.000      0.000    0.484     0.003     4
                 0.571    0.005    0.667      0.571    0.615      0.611    0.844     0.600     5
                 0.400    0.026    0.375      0.400    0.387      0.362    0.889     0.274     6
                 0.000    0.000    0.000      0.000    0.000      0.000    0.744     0.062     7
                 0.625    0.085    0.392      0.625    0.482      0.439    0.834     0.347     8
                 0.250    0.030    0.389      0.250    0.304      0.271    0.812     0.306     9
                 0.661    0.112    0.493      0.661    0.565      0.488    0.853     0.433     10
                 0.489    0.069    0.489      0.489    0.489      0.420    0.860     0.385     11
                 0.419    0.047    0.433      0.419    0.426      0.378    0.873     0.349     12
                 0.581    0.041    0.545      0.581    0.563      0.524    0.919     0.491     13
                 0.593    0.027    0.615      0.593    0.604      0.575    0.876     0.445     14
                 0.697    0.033    0.657      0.697    0.676      0.646    0.940     0.530     15
                 0.438    0.016    0.538      0.438    0.483      0.466    0.930     0.354     16
                 0.500    0.005    0.600      0.500    0.545      0.541    0.892     0.376     17
                 0.750    0.008    0.750      0.750    0.750      0.742    0.948     0.594     18
                 0.400    0.003    0.667      0.400    0.500      0.512    0.985     0.448     19
                 0.000    0.000    0.000      0.000    0.000      0.000    0.496     0.003     20
Weighted Avg.    0.524    0.048    0.523      0.524    0.515      0.475    0.870     0.419     

=== Confusion Matrix ===

  a  b  c  d  e  f  g  h  i  j  k  l  m  n  o  p  q  r   <-- classified as
 19  0  0  3  0  8  4  4  0  0  0  0  0  0  0  0  0  0 |  a = 0
  0  0  0  1  0  0  0  0  0  0  0  0  0  0  0  0  0  0 |  b = 4
  1  0  4  1  0  1  0  0  0  0  0  0  0  0  0  0  0  0 |  c = 5
  2  0  2  6  0  5  0  0  0  0  0  0  0  0  0  0  0  0 |  d = 6
  1  0  0  2  0  5  0  1  0  0  0  0  0  0  0  0  0  0 |  e = 7
  1  0  0  3  0 20  1  7  0  0  0  0  0  0  0  0  0  0 |  f = 8
  1  0  0  0  0  6  7 13  1  0  0  0  0  0  0  0  0  0 |  g = 9
  0  0  0  0  0  4  5 37  9  1  0  0  0  0  0  0  0  0 |  h = 10
  0  0  0  0  0  2  1 11 23  9  1  0  0  0  0  0  0  0 |  i = 11
  0  0  0  0  0  0  0  2 10 13  6  0  0  0  0  0  0  0 |  j = 12
  0  0  0  0  0  0  0  0  3  6 18  4  0  0  0  0  0  0 |  k = 13
  0  0  0  0  0  0  0  0  1  1  7 16  2  0  0  0  0  0 |  l = 14
  0  0  0  0  0  0  0  0  0  0  1  6 23  3  0  0  0  0 |  m = 15
  0  0  0  0  0  0  0  0  0  0  0  0  9  7  0  0  0  0 |  n = 16
  0  0  0  0  0  0  0  0  0  0  0  0  1  2  3  0  0  0 |  o = 17
  0  0  0  0  0  0  0  0  0  0  0  0  0  1  2  9  0  0 |  p = 18
  0  0  0  0  0  0  0  0  0  0  0  0  0  0  0  3  2  0 |  q = 19
  0  0  0  0  0  0  0  0  0  0  0  0  0  0  0  0  1  0 |  r = 20

