=== Run information ===

Scheme:       weka.classifiers.bayes.BayesNet -D -Q weka.classifiers.bayes.net.search.local.K2 -- -P 1 -S BAYES -E weka.classifiers.bayes.net.estimate.SimpleEstimator -- -A 0.5
Relation:     student-mat
Instances:    395
Attributes:   33
              school
              sex
              age
              address
              famsize
              pstatus
              medu
              fedu
              mjob
              fjob
              reason
              guardian
              traveltime
              studytime
              failures
              schoolsup
              famsup
              paid
              activities
              nursery
              higher
              internet
              romantic
              famrel
              freetime
              goout
              dalc
              walc
              health
              absences
              g1
              g2
              g3
Test mode:    10-fold cross-validation

=== Classifier model (full training set) ===

Bayes Network Classifier
not using ADTree
#attributes=33 #classindex=32
Network structure (nodes followed by parents)
school(2): g3 
sex(2): g3 
age(1): g3 
address(2): g3 
famsize(2): g3 
pstatus(2): g3 
medu(1): g3 
fedu(1): g3 
mjob(5): g3 
fjob(5): g3 
reason(4): g3 
guardian(3): g3 
traveltime(1): g3 
studytime(1): g3 
failures(1): g3 
schoolsup(2): g3 
famsup(2): g3 
paid(2): g3 
activities(2): g3 
nursery(2): g3 
higher(2): g3 
internet(2): g3 
romantic(2): g3 
famrel(1): g3 
freetime(1): g3 
goout(1): g3 
dalc(1): g3 
walc(1): g3 
health(1): g3 
absences(2): g3 
g1(17): g3 
g2(17): g3 
g3(18): 
LogScore Bayes: -7837.56326191575
LogScore BDeu: -13028.464660361367
LogScore MDL: -11595.263980512305
LogScore ENTROPY: -8369.655110348145
LogScore AIC: -9448.655110348145


Time taken to build model: 0 seconds

=== Stratified cross-validation ===
=== Summary ===

Correctly Classified Instances         162               41.0127 %
Incorrectly Classified Instances       233               58.9873 %
Kappa statistic                          0.3532
Mean absolute error                      0.0709
Root mean squared error                  0.2041
Relative absolute error                 69.5658 %
Root relative squared error             90.4752 %
Total Number of Instances              395     

=== Detailed Accuracy By Class ===

                 TP Rate  FP Rate  Precision  Recall   F-Measure  MCC      ROC Area  PRC Area  Class
                 0.711    0.020    0.794      0.711    0.750      0.726    0.976     0.830     0
                 0.000    0.000    0.000      0.000    0.000      0.000    0.081     0.003     4
                 0.286    0.018    0.222      0.286    0.250      0.237    0.732     0.172     5
                 0.467    0.029    0.389      0.467    0.424      0.401    0.905     0.402     6
                 0.111    0.008    0.250      0.111    0.154      0.154    0.777     0.185     7
                 0.375    0.061    0.353      0.375    0.364      0.306    0.891     0.314     8
                 0.107    0.057    0.125      0.107    0.115      0.054    0.843     0.207     9
                 0.571    0.112    0.457      0.571    0.508      0.420    0.879     0.545     10
                 0.383    0.086    0.375      0.383    0.379      0.294    0.871     0.444     11
                 0.355    0.055    0.355      0.355    0.355      0.300    0.856     0.356     12
                 0.290    0.044    0.360      0.290    0.321      0.272    0.905     0.380     13
                 0.370    0.052    0.345      0.370    0.357      0.308    0.910     0.367     14
                 0.485    0.058    0.432      0.485    0.457      0.405    0.928     0.464     15
                 0.125    0.032    0.143      0.125    0.133      0.100    0.913     0.233     16
                 0.500    0.003    0.750      0.500    0.600      0.608    0.861     0.526     17
                 0.667    0.010    0.667      0.667    0.667      0.656    0.921     0.702     18
                 0.200    0.003    0.500      0.200    0.286      0.311    0.941     0.293     19
                 0.000    0.000    0.000      0.000    0.000      0.000    0.485     0.005     20
Weighted Avg.    0.410    0.056    0.407      0.410    0.405      0.353    0.888     0.437     

=== Confusion Matrix ===

  a  b  c  d  e  f  g  h  i  j  k  l  m  n  o  p  q  r   <-- classified as
 27  0  1  0  0  3  4  3  0  0  0  0  0  0  0  0  0  0 |  a = 0
  0  0  0  1  0  0  0  0  0  0  0  0  0  0  0  0  0  0 |  b = 4
  0  0  2  3  0  2  0  0  0  0  0  0  0  0  0  0  0  0 |  c = 5
  1  0  4  7  0  2  1  0  0  0  0  0  0  0  0  0  0  0 |  d = 6
  1  0  1  3  1  2  0  1  0  0  0  0  0  0  0  0  0  0 |  e = 7
  3  0  1  2  0 12  9  5  0  0  0  0  0  0  0  0  0  0 |  f = 8
  2  0  0  0  2  6  3 14  1  0  0  0  0  0  0  0  0  0 |  g = 9
  0  0  0  1  0  6  4 32 10  2  1  0  0  0  0  0  0  0 |  h = 10
  0  0  0  0  0  1  3 13 18 10  1  1  0  0  0  0  0  0 |  i = 11
  0  0  0  0  0  0  0  1 12 11  4  3  0  0  0  0  0  0 |  j = 12
  0  0  0  0  0  0  0  1  6  6  9  8  1  0  0  0  0  0 |  k = 13
  0  0  0  0  0  0  0  0  0  2 10 10  5  0  0  0  0  0 |  l = 14
  0  0  0  0  0  0  0  0  1  0  0  6 16 10  0  0  0  0 |  m = 15
  0  0  0  0  0  0  0  0  0  0  0  0 14  2  0  0  0  0 |  n = 16
  0  0  0  0  0  0  0  0  0  0  0  0  1  1  3  1  0  0 |  o = 17
  0  0  0  1  0  0  0  0  0  0  0  0  0  1  1  8  1  0 |  p = 18
  0  0  0  0  1  0  0  0  0  0  0  0  0  0  0  3  1  0 |  q = 19
  0  0  0  0  0  0  0  0  0  0  0  1  0  0  0  0  0  0 |  r = 20

