=== Summary ===

Correctly Classified Instances         147               37.2152 %
Incorrectly Classified Instances       248               62.7848 %
Kappa statistic                          0.3103
Mean absolute error                      0.0698
Root mean squared error                  0.2641
Relative absolute error                 68.4463 %
Root relative squared error            117.0701 %
Total Number of Instances              395     

=== Detailed Accuracy By Class ===

                 TP Rate  FP Rate  Precision  Recall   F-Measure  MCC      ROC Area  PRC Area  Class
                 0.868    0.050    0.647      0.868    0.742      0.719    0.909     0.575     0
                 0.000    0.003    0.000      0.000    0.000      -0.003   0.499     0.003     4
                 0.286    0.005    0.500      0.286    0.364      0.370    0.640     0.156     5
                 0.133    0.013    0.286      0.133    0.182      0.174    0.560     0.071     6
                 0.111    0.016    0.143      0.111    0.125      0.108    0.548     0.036     7
                 0.281    0.074    0.250      0.281    0.265      0.196    0.603     0.129     8
                 0.214    0.057    0.222      0.214    0.218      0.160    0.579     0.103     9
                 0.518    0.097    0.468      0.518    0.492      0.403    0.710     0.311     10
                 0.447    0.092    0.396      0.447    0.420      0.337    0.677     0.243     11
                 0.129    0.074    0.129      0.129    0.129      0.055    0.527     0.085     12
                 0.355    0.047    0.393      0.355    0.373      0.323    0.654     0.190     13
                 0.296    0.057    0.276      0.296    0.286      0.231    0.620     0.130     14
                 0.424    0.047    0.452      0.424    0.438      0.388    0.689     0.240     15
                 0.188    0.024    0.250      0.188    0.214      0.188    0.582     0.080     16
                 0.000    0.005    0.000      0.000    0.000      -0.009   0.497     0.015     17
                 0.333    0.021    0.333      0.333    0.333      0.312    0.656     0.131     18
                 0.000    0.005    0.000      0.000    0.000      -0.008   0.497     0.013     19
                 0.000    0.000    0.000      0.000    0.000      0.000    0.500     0.003     20
Weighted Avg.    0.372    0.060    0.352      0.372    0.358      0.304    0.656     0.210     

=== Confusion Matrix ===

  a  b  c  d  e  f  g  h  i  j  k  l  m  n  o  p  q  r   <-- classified as
 33  0  0  1  0  2  2  0  0  0  0  0  0  0  0  0  0  0 |  a = 0
  0  0  0  0  0  1  0  0  0  0  0  0  0  0  0  0  0  0 |  b = 4
  0  0  2  1  0  2  0  0  0  1  1  0  0  0  0  0  0  0 |  c = 5
  0  0  0  2  1  4  3  2  0  2  0  0  1  0  0  0  0  0 |  d = 6
  1  0  1  1  1  2  1  1  0  0  0  0  0  0  0  1  0  0 |  e = 7
  2  1  0  1  2  9  7  8  2  0  0  0  0  0  0  0  0  0 |  f = 8
  3  0  0  0  1  6  6  7  5  0  0  0  0  0  0  0  0  0 |  g = 9
  2  0  0  0  2  6  6 29  8  2  0  0  0  0  0  0  1  0 |  h = 10
  0  0  0  0  0  1  1  9 21 13  0  1  0  0  1  0  0  0 |  i = 11
  2  0  0  0  0  0  0  5 10  4  5  4  0  0  1  0  0  0 |  j = 12
  1  0  1  0  0  0  1  0  4  4 11  9  0  0  0  0  0  0 |  k = 13
  0  0  0  0  0  0  0  0  1  4  9  8  4  1  0  0  0  0 |  l = 14
  4  0  0  0  0  0  0  0  2  0  0  6 14  6  0  1  0  0 |  m = 15
  0  0  0  1  0  0  0  1  0  0  0  1  8  3  0  2  0  0 |  n = 16
  1  0  0  0  0  1  0  0  0  1  0  0  2  1  0  0  0  0 |  o = 17
  1  0  0  0  0  2  0  0  0  0  1  0  2  1  0  4  1  0 |  p = 18
  1  0  0  0  0  0  0  0  0  0  1  0  0  0  0  3  0  0 |  q = 19
  0  0  0  0  0  0  0  0  0  0  0  0  0  0  0  1  0  0 |  r = 20

