=== Summary ===

Correctly Classified Instances         264               40.678  %
Incorrectly Classified Instances       385               59.322  %
Kappa statistic                          0.336 
Mean absolute error                      0.0698
Root mean squared error                  0.2642
Relative absolute error                 66.0823 %
Root relative squared error            115.0364 %
Total Number of Instances              649     

=== Detailed Accuracy By Class ===

                 TP Rate  FP Rate  Precision  Recall   F-Measure  MCC      ROC Area  PRC Area  Class
                 0.467    0.009    0.538      0.467    0.500      0.490    0.729     0.264     0
                 0.000    0.000    0.000      0.000    0.000      0.000    0.500     0.002     1
                 0.000    0.000    0.000      0.000    0.000      0.000    0.500     0.002     5
                 0.000    0.005    0.000      0.000    0.000      -0.005   0.498     0.005     6
                 0.100    0.016    0.091      0.100    0.095      0.080    0.542     0.023     7
                 0.514    0.031    0.486      0.514    0.500      0.471    0.742     0.276     8
                 0.143    0.028    0.227      0.143    0.175      0.144    0.558     0.079     9
                 0.423    0.125    0.373      0.423    0.396      0.283    0.649     0.244     10
                 0.490    0.103    0.477      0.490    0.483      0.383    0.694     0.315     11
                 0.292    0.090    0.288      0.292    0.290      0.200    0.601     0.162     12
                 0.524    0.074    0.506      0.524    0.515      0.443    0.725     0.325     13
                 0.381    0.073    0.358      0.381    0.369      0.299    0.654     0.197     14
                 0.429    0.028    0.553      0.429    0.483      0.450    0.700     0.280     15
                 0.389    0.039    0.368      0.389    0.378      0.341    0.675     0.177     16
                 0.310    0.029    0.333      0.310    0.321      0.291    0.641     0.134     17
                 0.600    0.013    0.529      0.600    0.563      0.553    0.794     0.327     18
                 0.000    0.002    0.000      0.000    0.000      -0.002   0.499     0.003     19
Weighted Avg.    0.407    0.071    0.404      0.407    0.404      0.335    0.668     0.235     

=== Confusion Matrix ===

  a  b  c  d  e  f  g  h  i  j  k  l  m  n  o  p  q   <-- classified as
  7  0  0  0  1  1  1  4  0  0  0  0  0  1  0  0  0 |  a = 0
  0  0  0  0  0  0  0  1  0  0  0  0  0  0  0  0  0 |  b = 1
  0  0  0  1  0  0  0  0  0  0  0  0  0  0  0  0  0 |  c = 5
  0  0  0  0  1  1  0  0  0  0  0  1  0  0  0  0  0 |  d = 6
  0  0  0  0  1  5  3  1  0  0  0  0  0  0  0  0  0 |  e = 7
  1  0  0  1  3 18  4  7  0  0  0  0  0  0  1  0  0 |  f = 8
  1  0  0  0  2  6  5 16  4  0  0  1  0  0  0  0  0 |  g = 9
  3  0  0  1  1  5  8 41 30  8  0  0  0  0  0  0  0 |  h = 10
  0  0  0  0  0  1  0 31 51 20  1  0  0  0  0  0  0 |  i = 11
  0  0  0  0  0  0  0  7 18 21 18  7  1  0  0  0  0 |  j = 12
  0  0  0  0  0  0  0  1  3 17 43 16  1  1  0  0  0 |  k = 13
  0  0  0  0  0  0  0  0  1  7 20 24  4  5  2  0  0 |  l = 14
  0  0  0  0  1  0  0  0  0  0  3 11 21 12  0  1  0 |  m = 15
  0  0  0  0  1  0  0  1  0  0  0  4  6 14 10  0  0 |  n = 16
  1  0  0  0  0  0  0  0  0  0  0  3  5  5  9  6  0 |  o = 17
  0  0  0  0  0  0  1  0  0  0  0  0  0  0  4  9  1 |  p = 18
  0  0  0  0  0  0  0  0  0  0  0  0  0  0  1  1  0 |  q = 19

