=== Run information ===

Scheme:       weka.classifiers.meta.Bagging -P 100 -S 1 -num-slots 1 -I 10 -W weka.classifiers.trees.REPTree -- -M 2 -V 0.001 -N 3 -S 1 -L -1 -I 0.0
Relation:     student-por
Instances:    649
Attributes:   33
              school
              sex
              age
              address
              famsize
              pstatus
              medu
              fedu
              mjob
              fjob
              reason
              guardian
              traveltime
              studytime
              failures
              schoolsup
              famsup
              paid
              activities
              nursery
              higher
              internet
              romantic
              famrel
              freetime
              goout
              dalc
              walc
              health
              absences
              g1
              g2
              g3
Test mode:    10-fold cross-validation

=== Classifier model (full training set) ===

Bagging with 10 iterations and base learner

weka.classifiers.trees.REPTree -M 2 -V 0.001 -N 3 -S 1 -L -1 -I 0.0

Time taken to build model: 0.1 seconds

=== Stratified cross-validation ===
=== Summary ===

Correctly Classified Instances         292               44.9923 %
Incorrectly Classified Instances       357               55.0077 %
Kappa statistic                          0.3816
Mean absolute error                      0.0722
Root mean squared error                  0.1988
Relative absolute error                 68.3586 %
Root relative squared error             86.5471 %
Total Number of Instances              649     

=== Detailed Accuracy By Class ===

                 TP Rate  FP Rate  Precision  Recall   F-Measure  MCC      ROC Area  PRC Area  Class
                 0.467    0.008    0.583      0.467    0.519      0.512    0.855     0.540     0
                 0.000    0.000    0.000      0.000    0.000      0.000    0.468     0.002     1
                 0.000    0.002    0.000      0.000    0.000      -0.002   0.475     0.002     5
                 0.000    0.000    0.000      0.000    0.000      0.000    0.459     0.005     6
                 0.000    0.003    0.000      0.000    0.000      -0.007   0.897     0.109     7
                 0.286    0.049    0.250      0.286    0.267      0.222    0.931     0.287     8
                 0.029    0.031    0.050      0.029    0.036      -0.003   0.823     0.160     9
                 0.557    0.116    0.458      0.557    0.502      0.407    0.873     0.438     10
                 0.644    0.101    0.549      0.644    0.593      0.510    0.911     0.615     11
                 0.278    0.068    0.339      0.278    0.305      0.230    0.876     0.365     12
                 0.476    0.085    0.448      0.476    0.462      0.381    0.908     0.503     13
                 0.365    0.056    0.411      0.365    0.387      0.326    0.878     0.344     14
                 0.673    0.057    0.493      0.673    0.569      0.536    0.921     0.464     15
                 0.556    0.018    0.645      0.556    0.597      0.577    0.952     0.519     16
                 0.414    0.016    0.545      0.414    0.471      0.454    0.941     0.513     17
                 0.400    0.009    0.500      0.400    0.444      0.436    0.987     0.473     18
                 0.000    0.000    0.000      0.000    0.000      0.000    0.735     0.037     19
Weighted Avg.    0.450    0.068    0.429      0.450    0.436      0.374    0.895     0.438     

=== Confusion Matrix ===

  a  b  c  d  e  f  g  h  i  j  k  l  m  n  o  p  q   <-- classified as
  7  0  0  0  0  5  2  1  0  0  0  0  0  0  0  0  0 |  a = 0
  0  0  0  0  0  0  0  1  0  0  0  0  0  0  0  0  0 |  b = 1
  0  0  0  0  0  1  0  0  0  0  0  0  0  0  0  0  0 |  c = 5
  0  0  0  0  0  2  1  0  0  0  0  0  0  0  0  0  0 |  d = 6
  0  0  0  0  0  8  2  0  0  0  0  0  0  0  0  0  0 |  e = 7
  5  0  0  0  2 10  7 11  0  0  0  0  0  0  0  0  0 |  f = 8
  0  0  1  0  0 10  1 20  2  0  0  1  0  0  0  0  0 |  g = 9
  0  0  0  0  0  4  7 54 26  4  2  0  0  0  0  0  0 |  h = 10
  0  0  0  0  0  0  0 28 67  8  1  0  0  0  0  0  0 |  i = 11
  0  0  0  0  0  0  0  2 21 20 22  6  1  0  0  0  0 |  j = 12
  0  0  0  0  0  0  0  0  4 23 39 16  0  0  0  0  0 |  k = 13
  0  0  0  0  0  0  0  0  1  3 21 23 15  0  0  0  0 |  l = 14
  0  0  0  0  0  0  0  0  0  1  2  8 33  4  1  0  0 |  m = 15
  0  0  0  0  0  0  0  1  0  0  0  2 13 20  0  0  0 |  n = 16
  0  0  0  0  0  0  0  0  0  0  0  0  5  7 12  5  0 |  o = 17
  0  0  0  0  0  0  0  0  0  0  0  0  0  0  9  6  0 |  p = 18
  0  0  0  0  0  0  0  0  1  0  0  0  0  0  0  1  0 |  q = 19

