=== Run information ===

Scheme:       weka.classifiers.meta.Bagging -P 100 -S 1 -num-slots 1 -I 10 -W weka.classifiers.trees.RandomForest -- -P 100 -I 500 -num-slots 4 -K 0 -M 1.0 -V 0.001 -S 1
Relation:     student-por
Instances:    649
Attributes:   33
              school
              sex
              age
              address
              famsize
              pstatus
              medu
              fedu
              mjob
              fjob
              reason
              guardian
              traveltime
              studytime
              failures
              schoolsup
              famsup
              paid
              activities
              nursery
              higher
              internet
              romantic
              famrel
              freetime
              goout
              dalc
              walc
              health
              absences
              g1
              g2
              g3
Test mode:    10-fold cross-validation

=== Classifier model (full training set) ===

Bagging with 10 iterations and base learner

weka.classifiers.trees.RandomForest -P 100 -I 500 -num-slots 4 -K 0 -M 1.0 -V 0.001 -S 1

Time taken to build model: 2.79 seconds

=== Stratified cross-validation ===
=== Summary ===

Correctly Classified Instances         307               47.3035 %
Incorrectly Classified Instances       342               52.6965 %
Kappa statistic                          0.4055
Mean absolute error                      0.0838
Root mean squared error                  0.1986
Relative absolute error                 79.3223 %
Root relative squared error             86.4918 %
Total Number of Instances              649     

=== Detailed Accuracy By Class ===

                 TP Rate  FP Rate  Precision  Recall   F-Measure  MCC      ROC Area  PRC Area  Class
                 0.600    0.005    0.750      0.600    0.667      0.664    0.964     0.708     0
                 0.000    0.000    0.000      0.000    0.000      0.000    0.152     0.002     1
                 0.000    0.000    0.000      0.000    0.000      0.000    0.204     0.002     5
                 0.000    0.002    0.000      0.000    0.000      -0.003   0.456     0.006     6
                 0.000    0.006    0.000      0.000    0.000      -0.010   0.949     0.145     7
                 0.314    0.041    0.306      0.314    0.310      0.270    0.934     0.299     8
                 0.057    0.013    0.200      0.057    0.089      0.081    0.863     0.246     9
                 0.629    0.127    0.466      0.629    0.535      0.446    0.881     0.459     10
                 0.683    0.103    0.559      0.683    0.615      0.536    0.904     0.572     11
                 0.222    0.047    0.372      0.222    0.278      0.222    0.870     0.350     12
                 0.622    0.111    0.447      0.622    0.520      0.446    0.910     0.495     13
                 0.254    0.039    0.410      0.254    0.314      0.267    0.887     0.389     14
                 0.633    0.057    0.477      0.633    0.544      0.507    0.941     0.488     15
                 0.583    0.018    0.656      0.583    0.618      0.598    0.943     0.504     16
                 0.414    0.018    0.522      0.414    0.462      0.443    0.944     0.444     17
                 0.400    0.009    0.500      0.400    0.444      0.436    0.988     0.585     18
                 0.000    0.000    0.000      0.000    0.000      0.000    0.435     0.005     19
Weighted Avg.    0.473    0.068    0.449      0.473    0.449      0.395    0.900     0.446     

=== Confusion Matrix ===

  a  b  c  d  e  f  g  h  i  j  k  l  m  n  o  p  q   <-- classified as
  9  0  0  0  0  5  0  1  0  0  0  0  0  0  0  0  0 |  a = 0
  0  0  0  0  0  0  0  1  0  0  0  0  0  0  0  0  0 |  b = 1
  0  0  0  1  0  0  0  0  0  0  0  0  0  0  0  0  0 |  c = 5
  1  0  0  0  0  2  0  0  0  0  0  0  0  0  0  0  0 |  d = 6
  1  0  0  0  0  7  2  0  0  0  0  0  0  0  0  0  0 |  e = 7
  1  0  0  0  4 11  3 15  1  0  0  0  0  0  0  0  0 |  f = 8
  0  0  0  0  0  6  2 23  3  0  0  1  0  0  0  0  0 |  g = 9
  0  0  0  0  0  5  3 61 23  4  1  0  0  0  0  0  0 |  h = 10
  0  0  0  0  0  0  0 27 71  5  0  1  0  0  0  0  0 |  i = 11
  0  0  0  0  0  0  0  2 24 16 28  2  0  0  0  0  0 |  j = 12
  0  0  0  0  0  0  0  0  4 16 51 10  1  0  0  0  0 |  k = 13
  0  0  0  0  0  0  0  0  1  2 30 16 14  0  0  0  0 |  l = 14
  0  0  0  0  0  0  0  0  0  0  4  8 31  5  1  0  0 |  m = 15
  0  0  0  0  0  0  0  1  0  0  0  1 13 21  0  0  0 |  n = 16
  0  0  0  0  0  0  0  0  0  0  0  0  6  6 12  5  0 |  o = 17
  0  0  0  0  0  0  0  0  0  0  0  0  0  0  9  6  0 |  p = 18
  0  0  0  0  0  0  0  0  0  0  0  0  0  0  1  1  0 |  q = 19

