=== Run information ===

Scheme:       weka.classifiers.trees.J48 -C 0.25 -M 2
Relation:     student-por
Instances:    649
Attributes:   33
              school
              sex
              age
              address
              famsize
              pstatus
              medu
              fedu
              mjob
              fjob
              reason
              guardian
              traveltime
              studytime
              failures
              schoolsup
              famsup
              paid
              activities
              nursery
              higher
              internet
              romantic
              famrel
              freetime
              goout
              dalc
              walc
              health
              absences
              g1
              g2
              g3
Test mode:    10-fold cross-validation

=== Classifier model (full training set) ===

J48 pruned tree
------------------

g2 = 0: 0 (7.0)
g2 = 10
|   school = GP
|   |   traveltime <= 2
|   |   |   famrel <= 4
|   |   |   |   dalc <= 3
|   |   |   |   |   nursery = no: 11 (6.0)
|   |   |   |   |   nursery = yes
|   |   |   |   |   |   studytime <= 1: 10 (7.0)
|   |   |   |   |   |   studytime > 1
|   |   |   |   |   |   |   absences <= 7: 11 (10.0/1.0)
|   |   |   |   |   |   |   absences > 7: 10 (6.0)
|   |   |   |   dalc > 3: 1 (2.0/1.0)
|   |   |   famrel > 4: 10 (8.0)
|   |   traveltime > 2: 11 (9.0/2.0)
|   school = MS
|   |   failures <= 0
|   |   |   guardian = father
|   |   |   |   famrel <= 4: 11 (5.0/2.0)
|   |   |   |   famrel > 4: 10 (4.0)
|   |   |   guardian = mother
|   |   |   |   health <= 2: 10 (5.0/1.0)
|   |   |   |   health > 2
|   |   |   |   |   pstatus = A: 11 (3.0/1.0)
|   |   |   |   |   pstatus = T
|   |   |   |   |   |   address = R: 11 (11.0/4.0)
|   |   |   |   |   |   address = U: 9 (3.0)
|   |   |   guardian = other: 11 (0.0)
|   |   failures > 0: 10 (4.0)
g2 = 11
|   failures <= 0
|   |   health <= 1: 11 (8.0)
|   |   health > 1
|   |   |   fjob = at_home
|   |   |   |   sex = F: 12 (3.0/1.0)
|   |   |   |   sex = M: 11 (2.0)
|   |   |   fjob = health: 10 (1.0)
|   |   |   fjob = other
|   |   |   |   absences <= 15
|   |   |   |   |   age <= 16: 11 (25.0/3.0)
|   |   |   |   |   age > 16
|   |   |   |   |   |   pstatus = A: 12 (2.0)
|   |   |   |   |   |   pstatus = T
|   |   |   |   |   |   |   mjob = at_home: 11 (3.0)
|   |   |   |   |   |   |   mjob = health: 11 (0.0)
|   |   |   |   |   |   |   mjob = other
|   |   |   |   |   |   |   |   absences <= 3: 12 (4.0)
|   |   |   |   |   |   |   |   absences > 3
|   |   |   |   |   |   |   |   |   fedu <= 1: 11 (2.0/1.0)
|   |   |   |   |   |   |   |   |   fedu > 1: 13 (2.0)
|   |   |   |   |   |   |   mjob = services: 11 (5.0/1.0)
|   |   |   |   |   |   |   mjob = teacher: 11 (3.0/2.0)
|   |   |   |   absences > 15: 10 (3.0/1.0)
|   |   |   fjob = services
|   |   |   |   address = R: 10 (4.0/1.0)
|   |   |   |   address = U
|   |   |   |   |   famsup = no: 12 (6.0)
|   |   |   |   |   famsup = yes
|   |   |   |   |   |   dalc <= 1
|   |   |   |   |   |   |   guardian = father: 11 (5.0/2.0)
|   |   |   |   |   |   |   guardian = mother: 12 (4.0)
|   |   |   |   |   |   |   guardian = other: 12 (0.0)
|   |   |   |   |   |   dalc > 1: 11 (4.0)
|   |   |   fjob = teacher
|   |   |   |   internet = no: 11 (2.0)
|   |   |   |   internet = yes: 12 (2.0)
|   failures > 0
|   |   studytime <= 2: 11 (11.0/5.0)
|   |   studytime > 2: 10 (2.0)
g2 = 12
|   famrel <= 1: 12 (3.0/1.0)
|   famrel > 1
|   |   health <= 1
|   |   |   dalc <= 1
|   |   |   |   traveltime <= 1: 12 (2.0/1.0)
|   |   |   |   traveltime > 1: 15 (2.0)
|   |   |   dalc > 1: 13 (2.0)
|   |   health > 1
|   |   |   traveltime <= 2
|   |   |   |   fjob = at_home: 14 (3.0/1.0)
|   |   |   |   fjob = health
|   |   |   |   |   romantic = no: 12 (4.0)
|   |   |   |   |   romantic = yes: 13 (2.0)
|   |   |   |   fjob = other
|   |   |   |   |   walc <= 3
|   |   |   |   |   |   address = R
|   |   |   |   |   |   |   fedu <= 2: 14 (3.0/1.0)
|   |   |   |   |   |   |   fedu > 2: 12 (2.0)
|   |   |   |   |   |   address = U
|   |   |   |   |   |   |   pstatus = A: 13 (3.0)
|   |   |   |   |   |   |   pstatus = T
|   |   |   |   |   |   |   |   schoolsup = no
|   |   |   |   |   |   |   |   |   guardian = father
|   |   |   |   |   |   |   |   |   |   g1 = 0: 12 (0.0)
|   |   |   |   |   |   |   |   |   |   g1 = 10: 14 (1.0)
|   |   |   |   |   |   |   |   |   |   g1 = 11: 14 (3.0)
|   |   |   |   |   |   |   |   |   |   g1 = 12: 12 (2.0)
|   |   |   |   |   |   |   |   |   |   g1 = 13: 12 (3.0)
|   |   |   |   |   |   |   |   |   |   g1 = 14: 12 (1.0)
|   |   |   |   |   |   |   |   |   |   g1 = 15: 12 (0.0)
|   |   |   |   |   |   |   |   |   |   g1 = 16: 12 (0.0)
|   |   |   |   |   |   |   |   |   |   g1 = 17: 12 (0.0)
|   |   |   |   |   |   |   |   |   |   g1 = 18: 12 (0.0)
|   |   |   |   |   |   |   |   |   |   g1 = 19: 12 (0.0)
|   |   |   |   |   |   |   |   |   |   g1 = 4: 12 (0.0)
|   |   |   |   |   |   |   |   |   |   g1 = 5: 12 (0.0)
|   |   |   |   |   |   |   |   |   |   g1 = 6: 12 (0.0)
|   |   |   |   |   |   |   |   |   |   g1 = 7: 12 (0.0)
|   |   |   |   |   |   |   |   |   |   g1 = 8: 12 (0.0)
|   |   |   |   |   |   |   |   |   |   g1 = 9: 13 (1.0)
|   |   |   |   |   |   |   |   |   guardian = mother
|   |   |   |   |   |   |   |   |   |   fedu <= 1: 12 (2.0)
|   |   |   |   |   |   |   |   |   |   fedu > 1
|   |   |   |   |   |   |   |   |   |   |   studytime <= 1: 12 (2.0)
|   |   |   |   |   |   |   |   |   |   |   studytime > 1
|   |   |   |   |   |   |   |   |   |   |   |   health <= 2: 12 (2.0)
|   |   |   |   |   |   |   |   |   |   |   |   health > 2
|   |   |   |   |   |   |   |   |   |   |   |   |   age <= 16: 13 (8.0)
|   |   |   |   |   |   |   |   |   |   |   |   |   age > 16
|   |   |   |   |   |   |   |   |   |   |   |   |   |   medu <= 2: 14 (2.0)
|   |   |   |   |   |   |   |   |   |   |   |   |   |   medu > 2: 13 (2.0)
|   |   |   |   |   |   |   |   |   guardian = other: 12 (2.0)
|   |   |   |   |   |   |   |   schoolsup = yes: 12 (2.0)
|   |   |   |   |   walc > 3
|   |   |   |   |   |   studytime <= 1: 11 (4.0/2.0)
|   |   |   |   |   |   studytime > 1: 12 (2.0/1.0)
|   |   |   |   fjob = services
|   |   |   |   |   health <= 4
|   |   |   |   |   |   famsup = no
|   |   |   |   |   |   |   medu <= 3: 13 (3.0)
|   |   |   |   |   |   |   medu > 3: 12 (2.0)
|   |   |   |   |   |   famsup = yes: 13 (6.0)
|   |   |   |   |   health > 4: 12 (4.0)
|   |   |   |   fjob = teacher: 12 (2.0/1.0)
|   |   |   traveltime > 2: 13 (4.0)
g2 = 13
|   freetime <= 1: 13 (9.0)
|   freetime > 1
|   |   g1 = 0: 13 (0.0)
|   |   g1 = 10: 13 (0.0)
|   |   g1 = 11
|   |   |   age <= 16: 12 (2.0/1.0)
|   |   |   age > 16: 14 (3.0)
|   |   g1 = 12
|   |   |   dalc <= 1
|   |   |   |   reason = course
|   |   |   |   |   age <= 15: 12 (4.0/1.0)
|   |   |   |   |   age > 15: 13 (4.0/1.0)
|   |   |   |   reason = home: 13 (4.0)
|   |   |   |   reason = other: 12 (2.0/1.0)
|   |   |   |   reason = reputation: 14 (7.0/1.0)
|   |   |   dalc > 1
|   |   |   |   age <= 16: 12 (2.0)
|   |   |   |   age > 16: 14 (2.0/1.0)
|   |   g1 = 13
|   |   |   address = R: 13 (5.0)
|   |   |   address = U
|   |   |   |   mjob = at_home: 13 (0.0)
|   |   |   |   mjob = health: 14 (1.0)
|   |   |   |   mjob = other: 13 (6.0/2.0)
|   |   |   |   mjob = services: 14 (4.0)
|   |   |   |   mjob = teacher: 13 (3.0)
|   |   g1 = 14
|   |   |   address = R
|   |   |   |   studytime <= 1: 12 (2.0)
|   |   |   |   studytime > 1: 14 (2.0)
|   |   |   address = U
|   |   |   |   sex = F
|   |   |   |   |   famrel <= 4: 13 (7.0)
|   |   |   |   |   famrel > 4: 14 (3.0/1.0)
|   |   |   |   sex = M: 14 (5.0/1.0)
|   |   g1 = 15: 13 (2.0/1.0)
|   |   g1 = 16: 13 (0.0)
|   |   g1 = 17: 13 (0.0)
|   |   g1 = 18: 13 (0.0)
|   |   g1 = 19: 13 (0.0)
|   |   g1 = 4: 13 (0.0)
|   |   g1 = 5: 13 (0.0)
|   |   g1 = 6: 13 (0.0)
|   |   g1 = 7: 13 (0.0)
|   |   g1 = 8: 10 (1.0)
|   |   g1 = 9: 13 (0.0)
g2 = 14
|   g1 = 0: 15 (0.0)
|   g1 = 10: 15 (0.0)
|   g1 = 11: 15 (0.0)
|   g1 = 12: 15 (0.0)
|   g1 = 13
|   |   romantic = no
|   |   |   absences <= 0: 13 (3.0/1.0)
|   |   |   absences > 0: 14 (8.0)
|   |   romantic = yes
|   |   |   walc <= 1: 15 (5.0/1.0)
|   |   |   walc > 1
|   |   |   |   sex = F: 14 (3.0)
|   |   |   |   sex = M: 15 (2.0/1.0)
|   g1 = 14
|   |   pstatus = A: 15 (2.0/1.0)
|   |   pstatus = T
|   |   |   age <= 15: 14 (4.0)
|   |   |   age > 15
|   |   |   |   fedu <= 1: 14 (4.0/1.0)
|   |   |   |   fedu > 1: 15 (11.0/1.0)
|   g1 = 15
|   |   reason = course
|   |   |   famrel <= 4: 15 (4.0/1.0)
|   |   |   famrel > 4: 17 (2.0)
|   |   reason = home: 16 (1.0)
|   |   reason = other: 15 (0.0)
|   |   reason = reputation: 15 (3.0)
|   g1 = 16: 14 (2.0/1.0)
|   g1 = 17: 15 (0.0)
|   g1 = 18: 15 (0.0)
|   g1 = 19: 15 (0.0)
|   g1 = 4: 15 (0.0)
|   g1 = 5: 15 (0.0)
|   g1 = 6: 15 (0.0)
|   g1 = 7: 15 (0.0)
|   g1 = 8: 15 (0.0)
|   g1 = 9: 15 (0.0)
g2 = 15
|   fjob = at_home: 15 (0.0)
|   fjob = health
|   |   freetime <= 2: 16 (2.0)
|   |   freetime > 2: 14 (2.0/1.0)
|   fjob = other
|   |   freetime <= 2
|   |   |   age <= 17: 16 (3.0)
|   |   |   age > 17: 15 (3.0)
|   |   freetime > 2: 15 (13.0/1.0)
|   fjob = services
|   |   studytime <= 2
|   |   |   famsize = GT3: 15 (4.0/1.0)
|   |   |   famsize = LE3: 16 (4.0)
|   |   studytime > 2
|   |   |   medu <= 2: 15 (2.0)
|   |   |   medu > 2: 17 (2.0)
|   fjob = teacher: 16 (3.0/1.0)
g2 = 16: 16 (25.0/7.0)
g2 = 17
|   medu <= 1: 18 (5.0)
|   medu > 1: 17 (15.0/3.0)
g2 = 18
|   famrel <= 3: 17 (3.0/1.0)
|   famrel > 3
|   |   walc <= 2: 18 (7.0)
|   |   walc > 2: 17 (4.0/1.0)
g2 = 19: 19 (1.0)
g2 = 5: 0 (3.0/2.0)
g2 = 6
|   goout <= 4
|   |   studytime <= 1: 7 (3.0/1.0)
|   |   studytime > 1: 8 (2.0)
|   goout > 4: 0 (2.0/1.0)
g2 = 7
|   famsup = no
|   |   address = R: 0 (3.0)
|   |   address = U: 8 (3.0/1.0)
|   famsup = yes
|   |   traveltime <= 1
|   |   |   medu <= 1: 7 (2.0)
|   |   |   medu > 1: 6 (2.0/1.0)
|   |   traveltime > 1: 8 (6.0/1.0)
g2 = 8
|   dalc <= 2
|   |   freetime <= 2: 9 (3.0/1.0)
|   |   freetime > 2
|   |   |   goout <= 1: 10 (2.0)
|   |   |   goout > 1
|   |   |   |   reason = course
|   |   |   |   |   address = R
|   |   |   |   |   |   fjob = at_home: 8 (0.0)
|   |   |   |   |   |   fjob = health: 8 (0.0)
|   |   |   |   |   |   fjob = other: 9 (3.0)
|   |   |   |   |   |   fjob = services: 8 (3.0)
|   |   |   |   |   |   fjob = teacher: 8 (0.0)
|   |   |   |   |   address = U
|   |   |   |   |   |   famsize = GT3
|   |   |   |   |   |   |   dalc <= 1: 8 (6.0)
|   |   |   |   |   |   |   dalc > 1
|   |   |   |   |   |   |   |   absences <= 8: 7 (3.0)
|   |   |   |   |   |   |   |   absences > 8: 8 (2.0)
|   |   |   |   |   |   famsize = LE3: 7 (3.0/2.0)
|   |   |   |   reason = home: 9 (5.0/2.0)
|   |   |   |   reason = other: 0 (2.0/1.0)
|   |   |   |   reason = reputation: 8 (2.0/1.0)
|   dalc > 2
|   |   school = GP: 10 (4.0/1.0)
|   |   school = MS: 9 (2.0)
g2 = 9
|   fedu <= 3
|   |   famrel <= 4
|   |   |   famrel <= 2: 0 (3.0/2.0)
|   |   |   famrel > 2
|   |   |   |   nursery = no
|   |   |   |   |   freetime <= 3: 10 (7.0/1.0)
|   |   |   |   |   freetime > 3: 9 (5.0/1.0)
|   |   |   |   nursery = yes
|   |   |   |   |   famsize = GT3
|   |   |   |   |   |   sex = F: 10 (10.0)
|   |   |   |   |   |   sex = M
|   |   |   |   |   |   |   fjob = at_home: 11 (1.0)
|   |   |   |   |   |   |   fjob = health: 10 (0.0)
|   |   |   |   |   |   |   fjob = other: 10 (10.0/1.0)
|   |   |   |   |   |   |   fjob = services: 11 (3.0)
|   |   |   |   |   |   |   fjob = teacher: 10 (0.0)
|   |   |   |   |   famsize = LE3
|   |   |   |   |   |   age <= 17: 9 (3.0/1.0)
|   |   |   |   |   |   age > 17: 10 (2.0)
|   |   famrel > 4
|   |   |   reason = course: 9 (4.0/1.0)
|   |   |   reason = home: 9 (2.0/1.0)
|   |   |   reason = other
|   |   |   |   studytime <= 1: 9 (2.0)
|   |   |   |   studytime > 1: 11 (3.0/1.0)
|   |   |   reason = reputation: 8 (3.0/1.0)
|   fedu > 3
|   |   schoolsup = no
|   |   |   age <= 17
|   |   |   |   romantic = no
|   |   |   |   |   sex = F: 8 (2.0)
|   |   |   |   |   sex = M: 10 (4.0)
|   |   |   |   romantic = yes: 8 (4.0)
|   |   |   age > 17: 10 (2.0/1.0)
|   |   schoolsup = yes: 8 (2.0/1.0)

Number of Leaves  : 	209

Size of the tree : 	326


Time taken to build model: 0.06 seconds

=== Stratified cross-validation ===
=== Summary ===

Correctly Classified Instances         247               38.0586 %
Incorrectly Classified Instances       402               61.9414 %
Kappa statistic                          0.3089
Mean absolute error                      0.0743
Root mean squared error                  0.2456
Relative absolute error                 70.3752 %
Root relative squared error            106.9251 %
Total Number of Instances              649     

=== Detailed Accuracy By Class ===

                 TP Rate  FP Rate  Precision  Recall   F-Measure  MCC      ROC Area  PRC Area  Class
                 0.467    0.021    0.350      0.467    0.400      0.388    0.720     0.375     0
                 0.000    0.002    0.000      0.000    0.000      -0.002   0.495     0.002     1
                 0.000    0.008    0.000      0.000    0.000      -0.003   0.495     0.002     5
                 0.000    0.003    0.000      0.000    0.000      -0.004   0.491     0.005     6
                 0.000    0.013    0.000      0.000    0.000      -0.014   0.586     0.032     7
                 0.229    0.042    0.235      0.229    0.232      0.189    0.627     0.106     8
                 0.171    0.042    0.188      0.171    0.179      0.135    0.604     0.084     9
                 0.402    0.130    0.351      0.402    0.375      0.257    0.686     0.295     10
                 0.404    0.103    0.429      0.404    0.416      0.308    0.732     0.327     11
                 0.306    0.083    0.314      0.306    0.310      0.225    0.715     0.235     12
                 0.439    0.072    0.468      0.439    0.453      0.377    0.774     0.374     13
                 0.365    0.065    0.377      0.365    0.371      0.305    0.723     0.257     14
                 0.469    0.048    0.442      0.469    0.455      0.410    0.754     0.338     15
                 0.556    0.023    0.588      0.556    0.571      0.547    0.867     0.454     16
                 0.414    0.027    0.414      0.414    0.414      0.386    0.815     0.284     17
                 0.600    0.009    0.600      0.600    0.600      0.591    0.924     0.529     18
                 0.000    0.000    0.000      0.000    0.000      0.000    0.745     0.102     19
Weighted Avg.    0.381    0.072    0.381      0.381    0.380      0.308    0.728     0.290     

=== Confusion Matrix ===

  a  b  c  d  e  f  g  h  i  j  k  l  m  n  o  p  q   <-- classified as
  7  0  0  1  2  4  0  1  0  0  0  0  0  0  0  0  0 |  a = 0
  0  0  0  0  0  0  0  1  0  0  0  0  0  0  0  0  0 |  b = 1
  0  0  0  0  0  1  0  0  0  0  0  0  0  0  0  0  0 |  c = 5
  1  0  0  0  0  2  0  0  0  0  0  0  0  0  0  0  0 |  d = 6
  3  0  0  0  0  5  2  0  0  0  0  0  0  0  0  0  0 |  e = 7
  6  0  2  1  6  8  5  7  0  0  0  0  0  0  0  0  0 |  f = 8
  0  1  2  0  0  7  6 13  5  0  0  1  0  0  0  0  0 |  g = 9
  3  0  1  0  0  7 13 39 28  4  1  1  0  0  0  0  0 |  h = 10
  0  0  0  0  0  0  6 38 42 15  2  1  0  0  0  0  0 |  i = 11
  0  0  0  0  0  0  0  7 18 22 17  7  1  0  0  0  0 |  j = 12
  0  0  0  0  0  0  0  4  3 19 36 17  3  0  0  0  0 |  k = 13
  0  0  0  0  0  0  0  1  0  9 20 23  9  1  0  0  0 |  l = 14
  0  0  0  0  0  0  0  0  0  1  1 10 23  7  6  1  0 |  m = 15
  0  0  0  0  0  0  0  0  1  0  0  1 10 20  4  0  0 |  n = 16
  0  0  0  0  0  0  0  0  0  0  0  0  6  6 12  5  0 |  o = 17
  0  0  0  0  0  0  0  0  0  0  0  0  0  0  6  9  0 |  p = 18
  0  0  0  0  0  0  0  0  1  0  0  0  0  0  1  0  0 |  q = 19
