=== Run information ===

Scheme:       weka.classifiers.bayes.NaiveBayes 
Relation:     student-por
Instances:    649
Attributes:   33
              school
              sex
              age
              address
              famsize
              pstatus
              medu
              fedu
              mjob
              fjob
              reason
              guardian
              traveltime
              studytime
              failures
              schoolsup
              famsup
              paid
              activities
              nursery
              higher
              internet
              romantic
              famrel
              freetime
              goout
              dalc
              walc
              health
              absences
              g1
              g2
              g3
Test mode:    10-fold cross-validation

=== Classifier model (full training set) ===

Naive Bayes Classifier

                 Class
Attribute            0       1       5       6       7       8       9      10      11      12      13      14      15      16      17      18      19
                (0.02)     (0)     (0)  (0.01)  (0.02)  (0.05)  (0.05)  (0.15)  (0.16)  (0.11)  (0.12)   (0.1)  (0.08)  (0.06)  (0.05)  (0.02)     (0)
=======================================================================================================================================================
school
  GP                2.0     2.0     2.0     3.0     4.0    15.0    11.0    54.0    71.0    56.0    68.0    47.0    42.0    26.0    25.0    10.0     2.0
  MS               15.0     1.0     1.0     2.0     8.0    22.0    26.0    45.0    35.0    18.0    16.0    18.0     9.0    12.0     6.0     7.0     2.0
  [total]          17.0     3.0     3.0     5.0    12.0    37.0    37.0    99.0   106.0    74.0    84.0    65.0    51.0    38.0    31.0    17.0     4.0

sex
  F                 8.0     1.0     1.0     1.0     8.0    21.0    17.0    53.0    55.0    45.0    55.0    42.0    33.0    24.0    22.0    12.0     2.0
  M                 9.0     2.0     2.0     4.0     4.0    16.0    20.0    46.0    51.0    29.0    29.0    23.0    18.0    14.0     9.0     5.0     2.0
  [total]          17.0     3.0     3.0     5.0    12.0    37.0    37.0    99.0   106.0    74.0    84.0    65.0    51.0    38.0    31.0    17.0     4.0

age
  mean             17.8      16      22 17.6667    17.4 16.6857 16.8571 17.0309 16.5481 16.4444 16.4756 16.5714 16.8571 16.5556 17.1724 16.9333    17.5
  std. dev.      0.9092  0.1667  0.1667  0.4714  0.9165  0.9493  1.3762  1.2959  1.2471  1.3112  1.0386  1.1369  1.2122  0.9558  0.8333  0.8537     0.5
  weight sum         15       1       1       3      10      35      35      97     104      72      82      63      49      36      29      15       2
  precision           1       1       1       1       1       1       1       1       1       1       1       1       1       1       1       1       1

address
  R                11.0     1.0     1.0     1.0     3.0    16.0    18.0    37.0    38.0    22.0    16.0    14.0    14.0     7.0     8.0     5.0     2.0
  U                 6.0     2.0     2.0     4.0     9.0    21.0    19.0    62.0    68.0    52.0    68.0    51.0    37.0    31.0    23.0    12.0     2.0
  [total]          17.0     3.0     3.0     5.0    12.0    37.0    37.0    99.0   106.0    74.0    84.0    65.0    51.0    38.0    31.0    17.0     4.0

famsize
  GT3              14.0     2.0     2.0     3.0    10.0    26.0    26.0    65.0    73.0    47.0    66.0    47.0    33.0    26.0    21.0    11.0     2.0
  LE3               3.0     1.0     1.0     2.0     2.0    11.0    11.0    34.0    33.0    27.0    18.0    18.0    18.0    12.0    10.0     6.0     2.0
  [total]          17.0     3.0     3.0     5.0    12.0    37.0    37.0    99.0   106.0    74.0    84.0    65.0    51.0    38.0    31.0    17.0     4.0

pstatus
  A                 3.0     1.0     1.0     1.0     3.0     6.0     4.0    13.0    14.0     8.0    12.0     9.0     9.0     5.0     5.0     2.0     1.0
  T                14.0     2.0     2.0     4.0     9.0    31.0    33.0    86.0    92.0    66.0    72.0    56.0    42.0    33.0    26.0    15.0     3.0
  [total]          17.0     3.0     3.0     5.0    12.0    37.0    37.0    99.0   106.0    74.0    84.0    65.0    51.0    38.0    31.0    17.0     4.0

medu
  mean           2.2667       3       3  2.6667       2  2.3143  1.8286  2.1031  2.3462  2.5972  2.6707  2.7619  2.7959       3  3.3793  2.7333     3.5
  std. dev.      1.1813  0.1667  0.1667  0.9428       1  1.0629  0.9706  0.9998  1.1583  1.1013  1.0826  1.1508  1.1425  0.9428  0.7617    1.34     0.5
  weight sum         15       1       1       3      10      35      35      97     104      72      82      63      49      36      29      15       2
  precision           1       1       1       1       1       1       1       1       1       1       1       1       1       1       1       1       1

fedu
  mean           1.6667       3       1       2     1.7  2.3429  1.6857  1.9381  2.2212  2.4861   2.561  2.4603  2.5102  2.6944  3.0345  1.8667     2.5
  std. dev.      0.7888  0.1667  0.1667  1.4142  0.6403  1.1939  0.9187  0.9505  1.0466  1.1425  1.0488  1.1102  1.0522  1.1977  0.9278  0.8844     1.5
  weight sum         15       1       1       3      10      35      35      97     104      72      82      63      49      36      29      15       2
  precision           1       1       1       1       1       1       1       1       1       1       1       1       1       1       1       1       1

mjob
  at_home           5.0     1.0     1.0     2.0     3.0     9.0    15.0    29.0    35.0     9.0    12.0    10.0     8.0     2.0     4.0     6.0     1.0
  health            1.0     1.0     1.0     1.0     1.0     5.0     3.0     7.0     5.0     5.0     6.0     7.0     7.0     5.0     5.0     4.0     1.0
  other             9.0     2.0     1.0     2.0     5.0    16.0    14.0    41.0    38.0    32.0    41.0    24.0    18.0    18.0     8.0     5.0     1.0
  services          2.0     1.0     2.0     2.0     5.0     8.0     6.0    20.0    19.0    20.0    18.0    14.0    15.0     9.0     9.0     1.0     2.0
  teacher           3.0     1.0     1.0     1.0     1.0     2.0     2.0     5.0    12.0    11.0    10.0    13.0     6.0     7.0     8.0     4.0     2.0
  [total]          20.0     6.0     6.0     8.0    15.0    40.0    40.0   102.0   109.0    77.0    87.0    68.0    54.0    41.0    34.0    20.0     7.0

fjob
  at_home           2.0     1.0     1.0     1.0     3.0     4.0     2.0    11.0     8.0     3.0     5.0     7.0     5.0     1.0     1.0     3.0     1.0
  health            1.0     1.0     1.0     2.0     1.0     2.0     2.0     5.0     2.0     5.0     4.0     3.0     1.0     4.0     3.0     2.0     1.0
  other             9.0     1.0     1.0     2.0     8.0    15.0    25.0    53.0    68.0    43.0    49.0    34.0    34.0    18.0    13.0     9.0     2.0
  services          6.0     2.0     2.0     2.0     2.0    17.0     9.0    32.0    26.0    22.0    22.0    17.0    10.0    12.0    12.0     4.0     1.0
  teacher           2.0     1.0     1.0     1.0     1.0     2.0     2.0     1.0     5.0     4.0     7.0     7.0     4.0     6.0     5.0     2.0     2.0
  [total]          20.0     6.0     6.0     8.0    15.0    40.0    40.0   102.0   109.0    77.0    87.0    68.0    54.0    41.0    34.0    20.0     7.0

reason
  course            6.0     2.0     1.0     1.0     9.0    22.0    21.0    55.0    44.0    30.0    33.0    24.0    21.0    13.0    12.0     7.0     1.0
  home              4.0     1.0     1.0     3.0     1.0     4.0    10.0    17.0    27.0    18.0    32.0    14.0    13.0    11.0     5.0     3.0     2.0
  other             6.0     1.0     2.0     2.0     3.0     6.0     5.0    11.0    16.0    10.0     4.0     9.0     3.0     6.0     2.0     2.0     1.0
  reputation        3.0     1.0     1.0     1.0     1.0     7.0     3.0    18.0    21.0    18.0    17.0    20.0    16.0    10.0    14.0     7.0     2.0
  [total]          19.0     5.0     5.0     7.0    14.0    39.0    39.0   101.0   108.0    76.0    86.0    67.0    53.0    40.0    33.0    19.0     6.0

guardian
  father            4.0     2.0     1.0     1.0     3.0     8.0     4.0    20.0    28.0    24.0    19.0    19.0    11.0    12.0     6.0     6.0     2.0
  mother           12.0     1.0     2.0     4.0     9.0    26.0    28.0    71.0    69.0    44.0    62.0    44.0    36.0    26.0    25.0    11.0     2.0
  other             2.0     1.0     1.0     1.0     1.0     4.0     6.0     9.0    10.0     7.0     4.0     3.0     5.0     1.0     1.0     1.0     1.0
  [total]          18.0     4.0     4.0     6.0    13.0    38.0    38.0   100.0   107.0    75.0    85.0    66.0    52.0    39.0    32.0    18.0     5.0

traveltime
  mean              1.8       1       1       1     1.5     1.6  1.8286  1.7423  1.7404   1.375  1.5122  1.4127  1.5102     1.5  1.1724     1.6     1.5
  std. dev.      0.6532  0.1667  0.1667  0.1667  0.6708  0.8685  0.8101  0.7901  0.8548  0.5878  0.7366  0.6579  0.6102  0.7638  0.3777   0.611     0.5
  weight sum         15       1       1       3      10      35      35      97     104      72      82      63      49      36      29      15       2
  precision           1       1       1       1       1       1       1       1       1       1       1       1       1       1       1       1       1

studytime
  mean           1.4667       2       1       2     1.3     1.8  1.5429  1.7629  1.7788  1.9861  2.0854  2.0635  2.2041  2.0556  2.2759  2.5333       3
  std. dev.      0.4989  0.1667  0.1667  1.4142  0.4583  0.6676  0.7307  0.8094  0.7961  0.8579  0.8294  0.7943  0.7819  0.6643  0.9058  0.8844       1
  weight sum         15       1       1       3      10      35      35      97     104      72      82      63      49      36      29      15       2
  precision           1       1       1       1       1       1       1       1       1       1       1       1       1       1       1       1       1

failures
  mean              0.8       1       3  0.6667     1.1  0.8286  0.4857  0.4639  0.1442  0.0417  0.0366       0  0.0408  0.0278       0       0       0
  std. dev.      0.8327  0.1667  0.1667  0.9428  0.9434  0.9996  0.8061  0.7741  0.4476  0.2602  0.1877  0.1667  0.2828  0.1667  0.1667  0.1667  0.1667
  weight sum         15       1       1       3      10      35      35      97     104      72      82      63      49      36      29      15       2
  precision           1       1       1       1       1       1       1       1       1       1       1       1       1       1       1       1       1

schoolsup
  no               15.0     2.0     2.0     4.0    11.0    32.0    33.0    83.0    91.0    62.0    69.0    60.0    50.0    36.0    30.0    15.0     3.0
  yes               2.0     1.0     1.0     1.0     1.0     5.0     4.0    16.0    15.0    12.0    15.0     5.0     1.0     2.0     1.0     2.0     1.0
  [total]          17.0     3.0     3.0     5.0    12.0    37.0    37.0    99.0   106.0    74.0    84.0    65.0    51.0    38.0    31.0    17.0     4.0

famsup
  no               12.0     1.0     2.0     2.0     5.0     9.0    19.0    40.0    39.0    29.0    27.0    28.0    22.0    13.0    12.0     6.0     2.0
  yes               5.0     2.0     1.0     3.0     7.0    28.0    18.0    59.0    67.0    45.0    57.0    37.0    29.0    25.0    19.0    11.0     2.0
  [total]          17.0     3.0     3.0     5.0    12.0    37.0    37.0    99.0   106.0    74.0    84.0    65.0    51.0    38.0    31.0    17.0     4.0

paid
  no               15.0     2.0     2.0     4.0    10.0    33.0    32.0    95.0    98.0    65.0    76.0    63.0    48.0    35.0    30.0    16.0     3.0
  yes               2.0     1.0     1.0     1.0     2.0     4.0     5.0     4.0     8.0     9.0     8.0     2.0     3.0     3.0     1.0     1.0     1.0
  [total]          17.0     3.0     3.0     5.0    12.0    37.0    37.0    99.0   106.0    74.0    84.0    65.0    51.0    38.0    31.0    17.0     4.0

activities
  no                8.0     2.0     2.0     3.0     7.0    20.0    22.0    54.0    66.0    28.0    44.0    26.0    26.0    16.0    14.0    11.0     2.0
  yes               9.0     1.0     1.0     2.0     5.0    17.0    15.0    45.0    40.0    46.0    40.0    39.0    25.0    22.0    17.0     6.0     2.0
  [total]          17.0     3.0     3.0     5.0    12.0    37.0    37.0    99.0   106.0    74.0    84.0    65.0    51.0    38.0    31.0    17.0     4.0

nursery
  no                3.0     1.0     2.0     2.0     2.0     6.0    10.0    23.0    28.0    16.0    17.0     9.0     8.0     6.0     5.0     5.0     2.0
  yes              14.0     2.0     1.0     3.0    10.0    31.0    27.0    76.0    78.0    58.0    67.0    56.0    43.0    32.0    26.0    12.0     2.0
  [total]          17.0     3.0     3.0     5.0    12.0    37.0    37.0    99.0   106.0    74.0    84.0    65.0    51.0    38.0    31.0    17.0     4.0

higher
  no                6.0     1.0     2.0     3.0     6.0    11.0    11.0    20.0    13.0     4.0     2.0     2.0     1.0     1.0     1.0     1.0     1.0
  yes              11.0     2.0     1.0     2.0     6.0    26.0    26.0    79.0    93.0    70.0    82.0    63.0    50.0    37.0    30.0    16.0     3.0
  [total]          17.0     3.0     3.0     5.0    12.0    37.0    37.0    99.0   106.0    74.0    84.0    65.0    51.0    38.0    31.0    17.0     4.0

internet
  no                8.0     1.0     1.0     1.0     4.0    11.0    13.0    30.0    31.0    16.0    18.0    10.0     8.0     6.0     4.0     4.0     2.0
  yes               9.0     2.0     2.0     4.0     8.0    26.0    24.0    69.0    75.0    58.0    66.0    55.0    43.0    32.0    27.0    13.0     2.0
  [total]          17.0     3.0     3.0     5.0    12.0    37.0    37.0    99.0   106.0    74.0    84.0    65.0    51.0    38.0    31.0    17.0     4.0

romantic
  no                7.0     1.0     1.0     3.0     7.0    21.0    21.0    57.0    74.0    46.0    57.0    45.0    29.0    22.0    21.0    12.0     3.0
  yes              10.0     2.0     2.0     2.0     5.0    16.0    16.0    42.0    32.0    28.0    27.0    20.0    22.0    16.0    10.0     5.0     1.0
  [total]          17.0     3.0     3.0     5.0    12.0    37.0    37.0    99.0   106.0    74.0    84.0    65.0    51.0    38.0    31.0    17.0     4.0

famrel
  mean           3.8667       4       5  4.3333     3.6  3.8857  3.7429  3.9072  3.8269   3.875   4.061  4.0159  3.9592  3.9444  4.2069  4.1333       3
  std. dev.      1.3098  0.1667  0.1667  0.9428  1.2806  1.0895  1.3168  0.8977  0.9552   0.927  0.8167  0.9171  0.9467  0.7798  0.8043  0.6182  0.1667
  weight sum         15       1       1       3      10      35      35      97     104      72      82      63      49      36      29      15       2
  precision           1       1       1       1       1       1       1       1       1       1       1       1       1       1       1       1       1

freetime
  mean           3.5333       5       4  3.6667     3.4  3.4286  3.2571  3.3299  3.1923  3.0972  2.9024  3.1905  3.3265  2.8889  3.1379       3     1.5
  std. dev.      1.0873  0.1667  0.1667  1.2472  1.3565  0.9035    1.25  1.0909  1.0477     0.9     1.1  0.9571  0.9559  0.9938  0.8992  0.9661     0.5
  weight sum         15       1       1       3      10      35      35      97     104      72      82      63      49      36      29      15       2
  precision           1       1       1       1       1       1       1       1       1       1       1       1       1       1       1       1       1

goout
  mean           3.0667       5       5       5     3.8  3.2571  3.2571  3.2474  3.3365  3.0972  3.0366  3.0159  3.1429  3.2222  3.1034  2.6667       3
  std. dev.      1.6111  0.1667  0.1667  0.1667  1.3266  0.9955  1.4608  1.1756  1.1403  1.0562  1.1202  1.2909  1.1249  1.0031  0.9946  0.8692       1
  weight sum         15       1       1       3      10      35      35      97     104      72      82      63      49      36      29      15       2
  precision           1       1       1       1       1       1       1       1       1       1       1       1       1       1       1       1       1

dalc
  mean           1.8667       4       5  2.6667     1.8  1.4286  1.8286  1.6495  1.7019  1.5278  1.2317  1.3651  1.1224  1.4444  1.2414  1.2667       1
  std. dev.       1.147  0.1667  0.1667  1.6997  1.1662  0.8713   1.108  0.9743  1.0731   0.957  0.5477  0.7411  0.3278  0.9844  0.5021  0.5735  0.1667
  weight sum         15       1       1       3      10      35      35      97     104      72      82      63      49      36      29      15       2
  precision           1       1       1       1       1       1       1       1       1       1       1       1       1       1       1       1       1

walc
  mean           2.6667       4       5       4     2.5  2.5143  2.5429   2.433  2.4808  2.3611   1.939  2.0635  2.1429       2       2     1.6     2.5
  std. dev.      1.2996  0.1667  0.1667  1.4142     1.5  1.2955  1.2726  1.3766  1.3657  1.2835  1.0859  1.1109  1.1952  1.2019  1.1447   0.611     1.5
  weight sum         15       1       1       3      10      35      35      97     104      72      82      63      49      36      29      15       2
  precision           1       1       1       1       1       1       1       1       1       1       1       1       1       1       1       1       1

health
  mean              3.8       5       1       5     3.8     3.4  3.4857  3.6907  3.7404  3.8194  3.4146  3.4127       3  3.3611  3.4483     3.2     2.5
  std. dev.      1.3266  0.1667  0.1667  0.1667     1.6  1.5344  1.5189  1.3498  1.4142  1.2171  1.3521  1.4761  1.6162  1.5303  1.5219  1.4236     0.5
  weight sum         15       1       1       3      10      35      35      97     104      72      82      63      49      36      29      15       2
  precision           1       1       1       1       1       1       1       1       1       1       1       1       1       1       1       1       1

absences
  mean                0       0 12.5217  9.2754  5.7043   6.082  4.1342  4.7333       4  3.3816  2.2057  3.5997  2.9814  3.0918  2.3028  1.4841   2.087
  std. dev.      0.2319  0.2319  0.2319  9.2521  4.9562  5.9596  4.7907  5.3854  4.0134  4.4593  3.5033  5.4007  3.1677  5.5372   3.294  3.2715   2.087
  weight sum         15       1       1       3      10      35      35      97     104      72      82      63      49      36      29      15       2
  precision      1.3913  1.3913  1.3913  1.3913  1.3913  1.3913  1.3913  1.3913  1.3913  1.3913  1.3913  1.3913  1.3913  1.3913  1.3913  1.3913  1.3913

g1
  0                 1.0     1.0     1.0     1.0     1.0     1.0     1.0     1.0     2.0     1.0     1.0     1.0     1.0     1.0     1.0     1.0     1.0
  10                1.0     2.0     1.0     1.0     1.0     4.0     7.0    33.0    33.0    15.0     5.0     3.0     1.0     2.0     1.0     1.0     1.0
  11                2.0     1.0     1.0     1.0     1.0     1.0     2.0    20.0    29.0    20.0    12.0    12.0     2.0     1.0     1.0     1.0     1.0
  12                1.0     1.0     1.0     1.0     1.0     1.0     1.0     2.0    19.0    24.0    24.0    12.0     6.0     2.0     1.0     1.0     1.0
  13                1.0     1.0     1.0     1.0     1.0     1.0     1.0     2.0     5.0    11.0    29.0    21.0     7.0     3.0     2.0     1.0     1.0
  14                1.0     1.0     1.0     1.0     1.0     1.0     1.0     1.0     1.0     5.0    14.0    16.0    24.0    10.0     8.0     1.0     1.0
  15                1.0     1.0     1.0     1.0     1.0     1.0     1.0     1.0     1.0     1.0     3.0     4.0    14.0    11.0     8.0     1.0     1.0
  16                1.0     1.0     1.0     1.0     1.0     1.0     1.0     1.0     1.0     1.0     1.0     2.0     2.0    12.0     6.0     5.0     1.0
  17                1.0     1.0     1.0     1.0     1.0     1.0     1.0     1.0     1.0     1.0     1.0     1.0     1.0     3.0     9.0     6.0     2.0
  18                1.0     1.0     1.0     1.0     1.0     1.0     1.0     1.0     1.0     1.0     1.0     1.0     1.0     1.0     2.0     6.0     2.0
  19                1.0     1.0     1.0     1.0     1.0     1.0     1.0     1.0     1.0     1.0     1.0     1.0     1.0     1.0     1.0     2.0     1.0
  4                 2.0     1.0     1.0     1.0     1.0     2.0     1.0     1.0     1.0     1.0     1.0     1.0     1.0     1.0     1.0     1.0     1.0
  5                 4.0     1.0     1.0     2.0     2.0     1.0     1.0     1.0     1.0     1.0     1.0     1.0     1.0     1.0     1.0     1.0     1.0
  6                 1.0     1.0     1.0     1.0     4.0     4.0     3.0     1.0     2.0     1.0     1.0     1.0     1.0     1.0     1.0     1.0     1.0
  7                 6.0     1.0     2.0     2.0     5.0    11.0     7.0     6.0     2.0     1.0     1.0     1.0     1.0     1.0     1.0     1.0     1.0
  8                 5.0     1.0     1.0     1.0     3.0    11.0    13.0    13.0     3.0     1.0     1.0     1.0     1.0     1.0     1.0     1.0     1.0
  9                 2.0     1.0     1.0     2.0     1.0     9.0     9.0    28.0    18.0     3.0     2.0     1.0     1.0     1.0     1.0     1.0     1.0
  [total]          32.0    18.0    18.0    20.0    27.0    52.0    52.0   114.0   121.0    89.0    99.0    80.0    66.0    53.0    46.0    32.0    19.0

g2
  0                 8.0     1.0     1.0     1.0     1.0     1.0     1.0     1.0     1.0     1.0     1.0     1.0     1.0     1.0     1.0     1.0     1.0
  10                1.0     2.0     1.0     1.0     1.0     1.0     9.0    38.0    36.0     1.0     2.0     1.0     1.0     2.0     1.0     1.0     1.0
  11                1.0     1.0     1.0     1.0     1.0     1.0     2.0    14.0    58.0    29.0     4.0     2.0     1.0     1.0     1.0     1.0     1.0
  12                1.0     1.0     1.0     1.0     1.0     1.0     2.0     1.0     3.0    35.0    36.0    13.0     3.0     1.0     1.0     1.0     1.0
  13                1.0     1.0     1.0     1.0     1.0     1.0     1.0     3.0     1.0    10.0    41.0    29.0     2.0     1.0     1.0     1.0     1.0
  14                1.0     1.0     1.0     1.0     1.0     1.0     1.0     1.0     1.0     1.0     4.0    22.0    24.0     6.0     3.0     1.0     1.0
  15                1.0     1.0     1.0     1.0     1.0     1.0     1.0     1.0     1.0     1.0     1.0     2.0    22.0    13.0     5.0     1.0     1.0
  16                1.0     1.0     1.0     1.0     1.0     1.0     1.0     1.0     1.0     1.0     1.0     1.0     2.0    19.0     7.0     1.0     1.0
  17                1.0     1.0     1.0     1.0     1.0     1.0     1.0     1.0     1.0     1.0     1.0     1.0     2.0     1.0    13.0     8.0     1.0
  18                1.0     1.0     1.0     1.0     1.0     1.0     1.0     1.0     1.0     1.0     1.0     1.0     1.0     1.0     6.0     9.0     2.0
  19                1.0     1.0     1.0     1.0     1.0     1.0     1.0     1.0     1.0     1.0     1.0     1.0     1.0     1.0     1.0     1.0     2.0
  5                 2.0     1.0     1.0     1.0     2.0     2.0     1.0     1.0     1.0     1.0     1.0     1.0     1.0     1.0     1.0     1.0     1.0
  6                 2.0     1.0     1.0     2.0     3.0     4.0     1.0     1.0     1.0     1.0     1.0     1.0     1.0     1.0     1.0     1.0     1.0
  7                 4.0     1.0     1.0     2.0     4.0     9.0     2.0     1.0     1.0     1.0     1.0     1.0     1.0     1.0     1.0     1.0     1.0
  8                 3.0     1.0     2.0     2.0     5.0    15.0    12.0     8.0     1.0     1.0     1.0     1.0     1.0     1.0     1.0     1.0     1.0
  9                 2.0     1.0     1.0     1.0     1.0    10.0    14.0    39.0    11.0     2.0     1.0     1.0     1.0     1.0     1.0     1.0     1.0
  [total]          31.0    17.0    17.0    19.0    26.0    51.0    51.0   113.0   120.0    88.0    98.0    79.0    65.0    52.0    45.0    31.0    18.0



Time taken to build model: 0.01 seconds

=== Stratified cross-validation ===
=== Summary ===

Correctly Classified Instances         243               37.4422 %
Incorrectly Classified Instances       406               62.5578 %
Kappa statistic                          0.2997
Mean absolute error                      0.0779
Root mean squared error                  0.2209
Relative absolute error                 73.7884 %
Root relative squared error             96.1728 %
Total Number of Instances              649     

=== Detailed Accuracy By Class ===

                 TP Rate  FP Rate  Precision  Recall   F-Measure  MCC      ROC Area  PRC Area  Class
                 0.533    0.016    0.444      0.533    0.485      0.474    0.966     0.548     0
                 0.000    0.000    0.000      0.000    0.000      0.000    0.110     0.002     1
                 0.000    0.000    0.000      0.000    0.000      0.000    0.463     0.002     5
                 0.000    0.003    0.000      0.000    0.000      -0.004   0.150     0.004     6
                 0.000    0.017    0.000      0.000    0.000      -0.016   0.827     0.064     7
                 0.286    0.021    0.435      0.286    0.345      0.323    0.917     0.355     8
                 0.143    0.046    0.152      0.143    0.147      0.100    0.799     0.184     9
                 0.412    0.107    0.404      0.412    0.408      0.303    0.846     0.376     10
                 0.413    0.117    0.402      0.413    0.408      0.293    0.847     0.435     11
                 0.222    0.092    0.232      0.222    0.227      0.133    0.798     0.257     12
                 0.659    0.115    0.454      0.659    0.537      0.467    0.866     0.482     13
                 0.206    0.038    0.371      0.206    0.265      0.221    0.810     0.262     14
                 0.551    0.043    0.509      0.551    0.529      0.490    0.909     0.475     15
                 0.250    0.026    0.360      0.250    0.295      0.266    0.870     0.356     16
                 0.414    0.050    0.279      0.414    0.333      0.302    0.882     0.326     17
                 0.400    0.009    0.500      0.400    0.444      0.436    0.860     0.352     18
                 0.000    0.000    0.000      0.000    0.000      0.000    0.072     0.002     19
Weighted Avg.    0.374    0.075    0.368      0.374    0.364      0.296    0.844     0.362     

=== Confusion Matrix ===

  a  b  c  d  e  f  g  h  i  j  k  l  m  n  o  p  q   <-- classified as
  8  0  0  0  1  2  1  1  0  0  0  0  0  1  1  0  0 |  a = 0
  0  0  0  0  0  0  0  0  1  0  0  0  0  0  0  0  0 |  b = 1
  0  0  0  0  1  0  0  0  0  0  0  0  0  0  0  0  0 |  c = 5
  0  0  0  0  1  1  0  0  1  0  0  0  0  0  0  0  0 |  d = 6
  1  0  0  0  0  5  4  0  0  0  0  0  0  0  0  0  0 |  e = 7
  1  0  0  0  3 10  8 10  1  0  0  0  0  0  2  0  0 |  f = 8
  1  0  0  0  4  1  5 17  5  1  0  0  0  0  1  0  0 |  g = 9
  2  0  0  0  0  3 10 40 33  5  3  0  0  0  1  0  0 |  h = 10
  0  0  0  0  0  0  3 26 43 27  3  0  0  0  1  1  0 |  i = 11
  0  0  0  1  0  0  1  3 18 16 28  4  1  0  0  0  0 |  j = 12
  1  0  0  0  0  0  0  1  2 13 54 10  0  0  1  0  0 |  k = 13
  2  0  0  0  0  0  0  0  2  6 28 13  8  1  3  0  0 |  l = 14
  1  0  0  0  1  0  0  1  0  0  3  6 27  6  3  1  0 |  m = 15
  1  0  0  0  0  1  0  0  1  1  0  1 11  9 11  0  0 |  n = 16
  0  0  0  1  0  0  0  0  0  0  0  1  6  6 12  3  0 |  o = 17
  0  0  0  0  0  0  1  0  0  0  0  0  0  2  6  6  0 |  p = 18
  0  0  0  0  0  0  0  0  0  0  0  0  0  0  1  1  0 |  q = 19
