=== Run information ===

Scheme:       weka.classifiers.rules.OneR -B 6
Relation:     student-por
Instances:    649
Attributes:   33
              school
              sex
              age
              address
              famsize
              pstatus
              medu
              fedu
              mjob
              fjob
              reason
              guardian
              traveltime
              studytime
              failures
              schoolsup
              famsup
              paid
              activities
              nursery
              higher
              internet
              romantic
              famrel
              freetime
              goout
              dalc
              walc
              health
              absences
              g1
              g2
              g3
Test mode:    10-fold cross-validation

=== Classifier model (full training set) ===

g2:
	0	-> 0
	10	-> 10
	11	-> 11
	12	-> 13
	13	-> 13
	14	-> 15
	15	-> 15
	16	-> 16
	17	-> 17
	18	-> 18
	19	-> 19
	5	-> 0
	6	-> 8
	7	-> 8
	8	-> 8
	9	-> 10
(323/649 instances correct)


Time taken to build model: 0 seconds

=== Stratified cross-validation ===
=== Summary ===

Correctly Classified Instances         298               45.9168 %
Incorrectly Classified Instances       351               54.0832 %
Kappa statistic                          0.3898
Mean absolute error                      0.0636
Root mean squared error                  0.2522
Relative absolute error                 60.2465 %
Root relative squared error            109.8395 %
Total Number of Instances              649     

=== Detailed Accuracy By Class ===

                 TP Rate  FP Rate  Precision  Recall   F-Measure  MCC      ROC Area  PRC Area  Class
                 0.467    0.005    0.700      0.467    0.560      0.564    0.731     0.339     0
                 0.000    0.000    0.000      0.000    0.000      0.000    0.500     0.002     1
                 0.000    0.000    0.000      0.000    0.000      0.000    0.500     0.002     5
                 0.000    0.000    0.000      0.000    0.000      0.000    0.500     0.005     6
                 0.000    0.005    0.000      0.000    0.000      -0.009   0.498     0.015     7
                 0.543    0.062    0.333      0.543    0.413      0.384    0.740     0.206     8
                 0.000    0.007    0.000      0.000    0.000      -0.019   0.497     0.054     9
                 0.722    0.134    0.486      0.722    0.581      0.504    0.794     0.392     10
                 0.567    0.101    0.518      0.567    0.541      0.450    0.733     0.363     11
                 0.111    0.033    0.296      0.111    0.162      0.123    0.539     0.132     12
                 0.756    0.136    0.446      0.756    0.561      0.502    0.810     0.368     13
                 0.016    0.024    0.067      0.016    0.026      -0.016   0.496     0.097     14
                 0.694    0.072    0.442      0.694    0.540      0.508    0.811     0.329     15
                 0.500    0.011    0.720      0.500    0.590      0.581    0.744     0.388     16
                 0.414    0.013    0.600      0.414    0.490      0.479    0.700     0.274     17
                 0.533    0.009    0.571      0.533    0.552      0.542    0.762     0.316     18
                 0.000    0.000    0.000      0.000    0.000      0.000    0.500     0.003     19
Weighted Avg.    0.459    0.070    0.399      0.459    0.408      0.360    0.695     0.275     

=== Confusion Matrix ===

  a  b  c  d  e  f  g  h  i  j  k  l  m  n  o  p  q   <-- classified as
  7  0  0  0  1  6  0  1  0  0  0  0  0  0  0  0  0 |  a = 0
  0  0  0  0  0  0  0  0  1  0  0  0  0  0  0  0  0 |  b = 1
  0  0  0  0  0  1  0  0  0  0  0  0  0  0  0  0  0 |  c = 5
  0  0  0  0  0  3  0  0  0  0  0  0  0  0  0  0  0 |  d = 6
  1  0  0  0  0  9  0  0  0  0  0  0  0  0  0  0  0 |  e = 7
  1  0  0  0  2 19  4  9  0  0  0  0  0  0  0  0  0 |  f = 8
  0  0  0  0  0 12  0 18  4  0  1  0  0  0  0  0  0 |  g = 9
  0  0  0  0  0  7  0 70 18  0  2  0  0  0  0  0  0 |  h = 10
  0  0  0  0  0  0  0 43 59  1  1  0  0  0  0  0  0 |  i = 11
  0  0  0  0  0  0  0  1 28  8 35  0  0  0  0  0  0 |  j = 12
  0  0  0  0  0  0  0  1  3 13 62  2  1  0  0  0  0 |  k = 13
  0  0  0  0  0  0  0  0  1  4 36  1 21  0  0  0  0 |  l = 14
  0  0  0  0  0  0  0  0  0  1  2 10 34  1  1  0  0 |  m = 15
  0  0  0  0  0  0  0  1  0  0  0  2 15 18  0  0  0 |  n = 16
  0  0  0  0  0  0  0  0  0  0  0  0  6  6 12  5  0 |  o = 17
  0  0  0  0  0  0  0  0  0  0  0  0  0  0  7  8  0 |  p = 18
  1  0  0  0  0  0  0  0  0  0  0  0  0  0  0  1  0 |  q = 19

