=== Run information ===

Scheme:       weka.classifiers.trees.RandomForest -P 100 -I 500 -num-slots 4 -K 0 -M 1.0 -V 0.001 -S 1
Relation:     student-por
Instances:    649
Attributes:   33
              school
              sex
              age
              address
              famsize
              pstatus
              medu
              fedu
              mjob
              fjob
              reason
              guardian
              traveltime
              studytime
              failures
              schoolsup
              famsup
              paid
              activities
              nursery
              higher
              internet
              romantic
              famrel
              freetime
              goout
              dalc
              walc
              health
              absences
              g1
              g2
              g3
Test mode:    10-fold cross-validation

=== Classifier model (full training set) ===

RandomForest

Bagging with 500 iterations and base learner

weka.classifiers.trees.RandomTree -K 0 -M 1.0 -V 0.001 -S 1 -do-not-check-capabilities

Time taken to build model: 0.33 seconds

=== Stratified cross-validation ===
=== Summary ===

Correctly Classified Instances         307               47.3035 %
Incorrectly Classified Instances       342               52.6965 %
Kappa statistic                          0.4067
Mean absolute error                      0.0826
Root mean squared error                  0.1983
Relative absolute error                 78.2223 %
Root relative squared error             86.3413 %
Total Number of Instances              649     

=== Detailed Accuracy By Class ===

                 TP Rate  FP Rate  Precision  Recall   F-Measure  MCC      ROC Area  PRC Area  Class
                 0.600    0.008    0.643      0.600    0.621      0.612    0.969     0.710     0
                 0.000    0.000    0.000      0.000    0.000      0.000    0.302     0.002     1
                 0.000    0.002    0.000      0.000    0.000      -0.002   0.355     0.002     5
                 0.000    0.002    0.000      0.000    0.000      -0.003   0.527     0.006     6
                 0.000    0.008    0.000      0.000    0.000      -0.011   0.946     0.140     7
                 0.314    0.041    0.306      0.314    0.310      0.270    0.933     0.306     8
                 0.114    0.015    0.308      0.114    0.167      0.161    0.865     0.245     9
                 0.598    0.121    0.464      0.598    0.523      0.431    0.878     0.464     10
                 0.673    0.106    0.547      0.673    0.603      0.522    0.903     0.581     11
                 0.236    0.055    0.347      0.236    0.281      0.215    0.863     0.336     12
                 0.573    0.101    0.452      0.573    0.505      0.428    0.906     0.480     13
                 0.317    0.032    0.513      0.317    0.392      0.355    0.892     0.424     14
                 0.633    0.053    0.492      0.633    0.554      0.517    0.935     0.470     15
                 0.583    0.020    0.636      0.583    0.609      0.587    0.949     0.509     16
                 0.414    0.021    0.480      0.414    0.444      0.422    0.940     0.443     17
                 0.467    0.009    0.538      0.467    0.500      0.490    0.990     0.604     18
                 0.000    0.000    0.000      0.000    0.000      0.000    0.543     0.005     19
Weighted Avg.    0.473    0.067    0.457      0.473    0.455      0.399    0.900     0.447     

=== Confusion Matrix ===

  a  b  c  d  e  f  g  h  i  j  k  l  m  n  o  p  q   <-- classified as
  9  0  0  0  0  5  0  1  0  0  0  0  0  0  0  0  0 |  a = 0
  0  0  0  0  0  0  0  1  0  0  0  0  0  0  0  0  0 |  b = 1
  0  0  0  1  0  0  0  0  0  0  0  0  0  0  0  0  0 |  c = 5
  1  0  1  0  0  1  0  0  0  0  0  0  0  0  0  0  0 |  d = 6
  2  0  0  0  0  7  1  0  0  0  0  0  0  0  0  0  0 |  e = 7
  2  0  0  0  5 11  5 12  0  0  0  0  0  0  0  0  0 |  f = 8
  0  0  0  0  0  7  4 19  4  0  0  1  0  0  0  0  0 |  g = 9
  0  0  0  0  0  5  3 58 26  3  2  0  0  0  0  0  0 |  h = 10
  0  0  0  0  0  0  0 29 70  4  0  1  0  0  0  0  0 |  i = 11
  0  0  0  0  0  0  0  4 22 17 27  2  0  0  0  0  0 |  j = 12
  0  0  0  0  0  0  0  0  5 22 47  7  1  0  0  0  0 |  k = 13
  0  0  0  0  0  0  0  0  1  2 25 20 14  1  0  0  0 |  l = 14
  0  0  0  0  0  0  0  0  0  1  3  7 31  5  2  0  0 |  m = 15
  0  0  0  0  0  0  0  1  0  0  0  1 11 21  2  0  0 |  n = 16
  0  0  0  0  0  0  0  0  0  0  0  0  6  6 12  5  0 |  o = 17
  0  0  0  0  0  0  0  0  0  0  0  0  0  0  8  7  0 |  p = 18
  0  0  0  0  0  0  0  0  0  0  0  0  0  0  1  1  0 |  q = 19
