=== Run information ===

Scheme:       weka.classifiers.trees.REPTree -M 2 -V 0.001 -N 3 -S 1 -L -1 -I 0.0
Relation:     student-por
Instances:    649
Attributes:   33
              school
              sex
              age
              address
              famsize
              pstatus
              medu
              fedu
              mjob
              fjob
              reason
              guardian
              traveltime
              studytime
              failures
              schoolsup
              famsup
              paid
              activities
              nursery
              higher
              internet
              romantic
              famrel
              freetime
              goout
              dalc
              walc
              health
              absences
              g1
              g2
              g3
Test mode:    10-fold cross-validation

=== Classifier model (full training set) ===


REPTree
============

g2 = 0 : 0 (4/0) [3/0]
g2 = 10
|   g1 = 0 : 10 (0/0) [0/0]
|   g1 = 10 : 10 (20/7) [5/3]
|   g1 = 11 : 11 (7/3) [11/4]
|   g1 = 12 : 11 (4/0) [1/0]
|   g1 = 13 : 13 (0/0) [1/0]
|   g1 = 14 : 10 (0/0) [0/0]
|   g1 = 15 : 10 (0/0) [0/0]
|   g1 = 16 : 10 (0/0) [0/0]
|   g1 = 17 : 10 (0/0) [0/0]
|   g1 = 18 : 10 (0/0) [0/0]
|   g1 = 19 : 10 (0/0) [0/0]
|   g1 = 4 : 10 (0/0) [0/0]
|   g1 = 5 : 10 (0/0) [0/0]
|   g1 = 6 : 10 (0/0) [0/0]
|   g1 = 7 : 9 (0/0) [2/1]
|   g1 = 8
|   |   walc < 1.5 : 10 (3/0) [2/1]
|   |   walc >= 1.5 : 9 (2/1) [1/0]
|   g1 = 9 : 11 (15/7) [9/6]
g2 = 11
|   g1 = 0 : 11 (0/0) [1/0]
|   g1 = 10 : 11 (30/15) [7/2]
|   g1 = 11
|   |   reason = course
|   |   |   sex = F : 12 (2/2) [5/2]
|   |   |   sex = M : 12 (2/0) [2/1]
|   |   reason = home : 11 (5/1) [3/3]
|   |   reason = other : 11 (3/0) [2/1]
|   |   reason = reputation : 11 (2/1) [2/0]
|   g1 = 12 : 11 (14/5) [6/2]
|   g1 = 13 : 11 (2/0) [2/0]
|   g1 = 14 : 12 (1/0) [0/0]
|   g1 = 15 : 11 (0/0) [0/0]
|   g1 = 16 : 11 (0/0) [0/0]
|   g1 = 17 : 11 (0/0) [0/0]
|   g1 = 18 : 11 (0/0) [0/0]
|   g1 = 19 : 11 (0/0) [0/0]
|   g1 = 4 : 11 (0/0) [0/0]
|   g1 = 5 : 11 (0/0) [0/0]
|   g1 = 6 : 9 (1/0) [0/0]
|   g1 = 7 : 11 (1/0) [0/0]
|   g1 = 8 : 10 (1/0) [0/0]
|   g1 = 9 : 11 (5/1) [4/3]
g2 = 12
|   mjob = at_home : 13 (7/3) [5/4]
|   mjob = health : 12 (5/3) [3/2]
|   mjob = other : 12 (25/14) [12/7]
|   mjob = services
|   |   goout < 3.5 : 13 (7/2) [4/0]
|   |   goout >= 3.5 : 12 (6/1) [3/1]
|   mjob = teacher : 12 (7/4) [2/0]
g2 = 13 : 13 (58/31) [22/9]
g2 = 14
|   g1 = 0 : 15 (0/0) [0/0]
|   g1 = 10 : 15 (0/0) [0/0]
|   g1 = 11 : 15 (0/0) [0/0]
|   g1 = 12 : 15 (0/0) [0/0]
|   g1 = 13 : 14 (14/7) [7/2]
|   g1 = 14 : 15 (11/5) [10/4]
|   g1 = 15 : 15 (6/2) [4/2]
|   g1 = 16 : 14 (1/0) [1/1]
|   g1 = 17 : 15 (0/0) [0/0]
|   g1 = 18 : 15 (0/0) [0/0]
|   g1 = 19 : 15 (0/0) [0/0]
|   g1 = 4 : 15 (0/0) [0/0]
|   g1 = 5 : 15 (0/0) [0/0]
|   g1 = 6 : 15 (0/0) [0/0]
|   g1 = 7 : 15 (0/0) [0/0]
|   g1 = 8 : 15 (0/0) [0/0]
|   g1 = 9 : 15 (0/0) [0/0]
g2 = 15
|   fjob = at_home : 15 (0/0) [0/0]
|   fjob = health : 16 (4/2) [0/0]
|   fjob = other
|   |   freetime < 2.5
|   |   |   age < 17.5 : 16 (2/0) [1/0]
|   |   |   age >= 17.5 : 15 (2/0) [1/0]
|   |   freetime >= 2.5 : 15 (9/1) [4/0]
|   fjob = services
|   |   mjob = at_home : 17 (1/0) [0/0]
|   |   mjob = health : 15 (0/0) [0/0]
|   |   mjob = other : 15 (3/1) [1/1]
|   |   mjob = services : 15 (3/1) [1/0]
|   |   mjob = teacher : 16 (1/0) [2/1]
|   fjob = teacher : 16 (3/1) [0/0]
g2 = 16 : 16 (16/4) [9/3]
g2 = 17 : 17 (14/6) [6/2]
g2 = 18 : 18 (8/3) [6/3]
g2 = 19 : 19 (1/0) [0/0]
g2 = 5 : 0 (1/0) [2/2]
g2 = 6 : 8 (4/2) [3/2]
g2 = 7 : 8 (10/5) [6/3]
g2 = 8 : 8 (26/17) [14/9]
g2 = 9 : 10 (53/25) [19/9]

Size of the tree : 97

Time taken to build model: 0.03 seconds

=== Stratified cross-validation ===
=== Summary ===

Correctly Classified Instances         292               44.9923 %
Incorrectly Classified Instances       357               55.0077 %
Kappa statistic                          0.3806
Mean absolute error                      0.0728
Root mean squared error                  0.2022
Relative absolute error                 68.9146 %
Root relative squared error             88.0439 %
Total Number of Instances              649     

=== Detailed Accuracy By Class ===

                 TP Rate  FP Rate  Precision  Recall   F-Measure  MCC      ROC Area  PRC Area  Class
                 0.467    0.003    0.778      0.467    0.583      0.596    0.867     0.560     0
                 0.000    0.000    0.000      0.000    0.000      0.000    0.464     0.002     1
                 0.000    0.000    0.000      0.000    0.000      0.000    0.483     0.002     5
                 0.000    0.000    0.000      0.000    0.000      0.000    0.464     0.005     6
                 0.000    0.006    0.000      0.000    0.000      -0.010   0.807     0.089     7
                 0.486    0.059    0.321      0.486    0.386      0.352    0.917     0.286     8
                 0.029    0.016    0.091      0.029    0.043      0.021    0.792     0.189     9
                 0.598    0.139    0.430      0.598    0.500      0.403    0.828     0.370     10
                 0.596    0.101    0.530      0.596    0.561      0.473    0.885     0.528     11
                 0.167    0.057    0.267      0.167    0.205      0.135    0.816     0.299     12
                 0.573    0.104    0.443      0.573    0.500      0.422    0.882     0.459     13
                 0.222    0.038    0.389      0.222    0.283      0.239    0.875     0.356     14
                 0.714    0.062    0.486      0.714    0.579      0.549    0.885     0.412     15
                 0.500    0.015    0.667      0.500    0.571      0.556    0.939     0.471     16
                 0.414    0.013    0.600      0.414    0.490      0.479    0.945     0.456     17
                 0.600    0.008    0.643      0.600    0.621      0.612    0.988     0.591     18
                 0.000    0.000    0.000      0.000    0.000      0.000    0.736     0.040     19
Weighted Avg.    0.450    0.071    0.428      0.450    0.426      0.369    0.867     0.397     

=== Confusion Matrix ===

  a  b  c  d  e  f  g  h  i  j  k  l  m  n  o  p  q   <-- classified as
  7  0  0  0  1  6  0  1  0  0  0  0  0  0  0  0  0 |  a = 0
  0  0  0  0  0  0  0  1  0  0  0  0  0  0  0  0  0 |  b = 1
  0  0  0  0  0  1  0  0  0  0  0  0  0  0  0  0  0 |  c = 5
  0  0  0  0  0  3  0  0  0  0  0  0  0  0  0  0  0 |  d = 6
  1  0  0  0  0  8  1  0  0  0  0  0  0  0  0  0  0 |  e = 7
  1  0  0  0  3 17  4 10  0  0  0  0  0  0  0  0  0 |  f = 8
  0  0  0  0  0 10  1 22  1  0  0  1  0  0  0  0  0 |  g = 9
  0  0  0  0  0  8  4 58 24  2  0  1  0  0  0  0  0 |  h = 10
  0  0  0  0  0  0  1 38 62  2  1  0  0  0  0  0  0 |  i = 11
  0  0  0  0  0  0  0  2 26 12 29  3  0  0  0  0  0 |  j = 12
  0  0  0  0  0  0  0  2  2 21 47  8  2  0  0  0  0 |  k = 13
  0  0  0  0  0  0  0  0  1  6 28 14 13  1  0  0  0 |  l = 14
  0  0  0  0  0  0  0  0  0  2  1  8 35  2  1  0  0 |  m = 15
  0  0  0  0  0  0  0  1  0  0  0  1 16 18  0  0  0 |  n = 16
  0  0  0  0  0  0  0  0  0  0  0  0  6  6 12  5  0 |  o = 17
  0  0  0  0  0  0  0  0  0  0  0  0  0  0  6  9  0 |  p = 18
  0  0  0  0  0  0  0  0  1  0  0  0  0  0  1  0  0 |  q = 19