=== Run information ===

Scheme:       weka.classifiers.meta.Bagging -P 100 -S 1 -num-slots 1 -I 10 -W weka.classifiers.trees.REPTree -- -M 2 -V 0.001 -N 3 -S 1 -L -1 -I 0.0
Relation:     student-mat
Instances:    395
Attributes:   33
              school
              sex
              age
              address
              famsize
              pstatus
              medu
              fedu
              mjob
              fjob
              reason
              guardian
              traveltime
              studytime
              failures
              schoolsup
              famsup
              paid
              activities
              nursery
              higher
              internet
              romantic
              famrel
              freetime
              goout
              dalc
              walc
              health
              absences
              g1
              g2
              g3
Test mode:    10-fold cross-validation

=== Classifier model (full training set) ===

Bagging with 10 iterations and base learner

weka.classifiers.trees.REPTree -M 2 -V 0.001 -N 3 -S 1 -L -1 -I 0.0

Time taken to build model: 0.04 seconds

=== Stratified cross-validation ===
=== Summary ===

Correctly Classified Instances         183               46.3291 %
Incorrectly Classified Instances       212               53.6709 %
Kappa statistic                          0.4119
Mean absolute error                      0.0702
Root mean squared error                  0.1971
Relative absolute error                 68.8491 %
Root relative squared error             87.3676 %
Total Number of Instances              395     

=== Detailed Accuracy By Class ===

                 TP Rate  FP Rate  Precision  Recall   F-Measure  MCC      ROC Area  PRC Area  Class
                 0.421    0.011    0.800      0.421    0.552      0.551    0.874     0.605     0
                 0.000    0.000    0.000      0.000    0.000      0.000    0.484     0.003     4
                 0.571    0.013    0.444      0.571    0.500      0.494    0.833     0.317     5
                 0.333    0.039    0.250      0.333    0.286      0.256    0.914     0.354     6
                 0.000    0.003    0.000      0.000    0.000      -0.008   0.870     0.131     7
                 0.531    0.080    0.370      0.531    0.436      0.384    0.904     0.415     8
                 0.321    0.035    0.409      0.321    0.360      0.320    0.844     0.345     9
                 0.625    0.124    0.455      0.625    0.526      0.441    0.876     0.433     10
                 0.404    0.060    0.475      0.404    0.437      0.369    0.864     0.392     11
                 0.419    0.041    0.464      0.419    0.441      0.396    0.903     0.437     12
                 0.484    0.058    0.417      0.484    0.448      0.398    0.908     0.462     13
                 0.481    0.041    0.464      0.481    0.473      0.433    0.913     0.416     14
                 0.667    0.030    0.667      0.667    0.667      0.636    0.943     0.545     15
                 0.313    0.018    0.417      0.313    0.357      0.338    0.954     0.349     16
                 0.167    0.013    0.167      0.167    0.167      0.154    0.886     0.279     17
                 0.750    0.013    0.643      0.750    0.692      0.684    0.948     0.555     18
                 0.000    0.003    0.000      0.000    0.000      -0.006   0.981     0.281     19
                 0.000    0.005    0.000      0.000    0.000      -0.004   0.495     0.003     20
Weighted Avg.    0.463    0.051    0.470      0.463    0.456      0.413    0.893     0.430     

=== Confusion Matrix ===

  a  b  c  d  e  f  g  h  i  j  k  l  m  n  o  p  q  r   <-- classified as
 16  0  3  3  0  8  2  6  0  0  0  0  0  0  0  0  0  0 |  a = 0
  0  0  0  1  0  0  0  0  0  0  0  0  0  0  0  0  0  0 |  b = 4
  0  0  4  3  0  0  0  0  0  0  0  0  0  0  0  0  0  0 |  c = 5
  3  0  2  5  0  4  0  1  0  0  0  0  0  0  0  0  0  0 |  d = 6
  0  0  0  3  0  5  0  1  0  0  0  0  0  0  0  0  0  0 |  e = 7
  0  0  0  4  0 17  2  9  0  0  0  0  0  0  0  0  0  0 |  f = 8
  1  0  0  1  1  6  9  9  1  0  0  0  0  0  0  0  0  0 |  g = 9
  0  0  0  0  0  4  8 35  9  0  0  0  0  0  0  0  0  0 |  h = 10
  0  0  0  0  0  2  1 13 19  9  3  0  0  0  0  0  0  0 |  i = 11
  0  0  0  0  0  0  0  3  7 13  7  1  0  0  0  0  0  0 |  j = 12
  0  0  0  0  0  0  0  0  4  5 15  7  0  0  0  0  0  0 |  k = 13
  0  0  0  0  0  0  0  0  0  1 11 13  1  1  0  0  0  0 |  l = 14
  0  0  0  0  0  0  0  0  0  0  0  7 22  3  1  0  0  0 |  m = 15
  0  0  0  0  0  0  0  0  0  0  0  0  9  5  2  0  0  0 |  n = 16
  0  0  0  0  0  0  0  0  0  0  0  0  1  2  1  2  0  0 |  o = 17
  0  0  0  0  0  0  0  0  0  0  0  0  0  1  2  9  0  0 |  p = 18
  0  0  0  0  0  0  0  0  0  0  0  0  0  0  0  3  0  2 |  q = 19
  0  0  0  0  0  0  0  0  0  0  0  0  0  0  0  0  1  0 |  r = 20

