=== Run information ===

Scheme:       weka.classifiers.meta.Bagging -P 100 -S 1 -num-slots 1 -I 10 -W weka.classifiers.trees.RandomForest -- -P 100 -I 500 -num-slots 4 -K 0 -M 1.0 -V 0.001 -S 1
Relation:     student-mat
Instances:    395
Attributes:   33
              school
              sex
              age
              address
              famsize
              pstatus
              medu
              fedu
              mjob
              fjob
              reason
              guardian
              traveltime
              studytime
              failures
              schoolsup
              famsup
              paid
              activities
              nursery
              higher
              internet
              romantic
              famrel
              freetime
              goout
              dalc
              walc
              health
              absences
              g1
              g2
              g3
Test mode:    10-fold cross-validation

=== Classifier model (full training set) ===

Bagging with 10 iterations and base learner

weka.classifiers.trees.RandomForest -P 100 -I 500 -num-slots 4 -K 0 -M 1.0 -V 0.001 -S 1

Time taken to build model: 1.84 seconds

=== Stratified cross-validation ===
=== Summary ===

Correctly Classified Instances         186               47.0886 %
Incorrectly Classified Instances       209               52.9114 %
Kappa statistic                          0.417 
Mean absolute error                      0.0834
Root mean squared error                  0.1975
Relative absolute error                 81.821  %
Root relative squared error             87.5418 %
Total Number of Instances              395     

=== Detailed Accuracy By Class ===

                 TP Rate  FP Rate  Precision  Recall   F-Measure  MCC      ROC Area  PRC Area  Class
                 0.658    0.036    0.658      0.658    0.658      0.621    0.950     0.752     0
                 0.000    0.000    0.000      0.000    0.000      0.000    0.104     0.003     4
                 0.000    0.005    0.000      0.000    0.000      -0.010   0.838     0.218     5
                 0.333    0.024    0.357      0.333    0.345      0.320    0.927     0.422     6
                 0.000    0.003    0.000      0.000    0.000      -0.008   0.893     0.127     7
                 0.313    0.072    0.278      0.313    0.294      0.228    0.895     0.297     8
                 0.214    0.041    0.286      0.214    0.245      0.198    0.846     0.334     9
                 0.696    0.121    0.488      0.696    0.574      0.499    0.900     0.584     10
                 0.489    0.078    0.460      0.489    0.474      0.401    0.888     0.482     11
                 0.290    0.036    0.409      0.290    0.340      0.299    0.867     0.334     12
                 0.581    0.047    0.514      0.581    0.545      0.505    0.914     0.441     13
                 0.444    0.043    0.429      0.444    0.436      0.394    0.917     0.448     14
                 0.727    0.047    0.585      0.727    0.649      0.617    0.955     0.538     15
                 0.125    0.011    0.333      0.125    0.182      0.184    0.947     0.317     16
                 0.333    0.005    0.500      0.333    0.400      0.401    0.971     0.388     17
                 0.750    0.013    0.643      0.750    0.692      0.684    0.929     0.635     18
                 0.400    0.003    0.667      0.400    0.500      0.512    0.978     0.282     19
                 0.000    0.000    0.000      0.000    0.000      0.000    0.131     0.003     20
Weighted Avg.    0.471    0.054    0.443      0.471    0.450      0.405    0.904     0.461     

=== Confusion Matrix ===

  a  b  c  d  e  f  g  h  i  j  k  l  m  n  o  p  q  r   <-- classified as
 25  0  0  0  0  6  3  4  0  0  0  0  0  0  0  0  0  0 |  a = 0
  0  0  0  1  0  0  0  0  0  0  0  0  0  0  0  0  0  0 |  b = 4
  3  0  0  2  0  2  0  0  0  0  0  0  0  0  0  0  0  0 |  c = 5
  3  0  2  5  1  4  0  0  0  0  0  0  0  0  0  0  0  0 |  d = 6
  2  0  0  2  0  3  0  2  0  0  0  0  0  0  0  0  0  0 |  e = 7
  2  0  0  4  0 10  7  9  0  0  0  0  0  0  0  0  0  0 |  f = 8
  3  0  0  0  0  5  6 12  2  0  0  0  0  0  0  0  0  0 |  g = 9
  0  0  0  0  0  5  3 39  8  1  0  0  0  0  0  0  0  0 |  h = 10
  0  0  0  0  0  1  2 12 23  6  2  1  0  0  0  0  0  0 |  i = 11
  0  0  0  0  0  0  0  2 11  9  5  4  0  0  0  0  0  0 |  j = 12
  0  0  0  0  0  0  0  0  5  4 18  4  0  0  0  0  0  0 |  k = 13
  0  0  0  0  0  0  0  0  1  2 10 12  2  0  0  0  0  0 |  l = 14
  0  0  0  0  0  0  0  0  0  0  0  7 24  2  0  0  0  0 |  m = 15
  0  0  0  0  0  0  0  0  0  0  0  0 13  2  0  1  0  0 |  n = 16
  0  0  0  0  0  0  0  0  0  0  0  0  1  2  2  1  0  0 |  o = 17
  0  0  0  0  0  0  0  0  0  0  0  0  1  0  2  9  0  0 |  p = 18
  0  0  0  0  0  0  0  0  0  0  0  0  0  0  0  3  2  0 |  q = 19
  0  0  0  0  0  0  0  0  0  0  0  0  0  0  0  0  1  0 |  r = 20

