=== Run information ===

Scheme:       weka.classifiers.trees.J48 -C 0.25 -M 2
Relation:     student-mat
Instances:    395
Attributes:   33
              school
              sex
              age
              address
              famsize
              pstatus
              medu
              fedu
              mjob
              fjob
              reason
              guardian
              traveltime
              studytime
              failures
              schoolsup
              famsup
              paid
              activities
              nursery
              higher
              internet
              romantic
              famrel
              freetime
              goout
              dalc
              walc
              health
              absences
              g1
              g2
              g3
Test mode:    10-fold cross-validation

=== Classifier model (full training set) ===

J48 pruned tree
------------------

g2 = 0: 0 (13.0)
g2 = 10
|   health <= 4
|   |   fjob = at_home: 10 (1.0)
|   |   fjob = health: 10 (1.0)
|   |   fjob = other
|   |   |   romantic = no: 10 (20.0/4.0)
|   |   |   romantic = yes: 11 (6.0/1.0)
|   |   fjob = services: 10 (9.0/3.0)
|   |   fjob = teacher: 10 (0.0)
|   health > 4
|   |   nursery = no: 11 (2.0)
|   |   nursery = yes
|   |   |   famrel <= 3: 10 (2.0/1.0)
|   |   |   famrel > 3: 9 (5.0/1.0)
g2 = 11
|   g1 = 10
|   |   sex = F: 11 (4.0/1.0)
|   |   sex = M: 10 (2.0/1.0)
|   g1 = 11
|   |   schoolsup = no
|   |   |   school = GP
|   |   |   |   medu <= 2: 11 (4.0)
|   |   |   |   medu > 2
|   |   |   |   |   age <= 17: 10 (4.0)
|   |   |   |   |   age > 17: 11 (2.0)
|   |   |   school = MS: 10 (2.0)
|   |   schoolsup = yes: 11 (2.0/1.0)
|   g1 = 12
|   |   fjob = at_home: 12 (0.0)
|   |   fjob = health: 12 (0.0)
|   |   fjob = other: 11 (2.0)
|   |   fjob = services: 12 (3.0)
|   |   fjob = teacher: 12 (0.0)
|   g1 = 13: 11 (6.0/1.0)
|   g1 = 14: 13 (1.0)
|   g1 = 15: 11 (0.0)
|   g1 = 16: 11 (0.0)
|   g1 = 17: 11 (0.0)
|   g1 = 18: 11 (0.0)
|   g1 = 19: 11 (0.0)
|   g1 = 3: 11 (0.0)
|   g1 = 4: 11 (0.0)
|   g1 = 5: 11 (0.0)
|   g1 = 6: 11 (0.0)
|   g1 = 7: 11 (0.0)
|   g1 = 8: 11 (1.0)
|   g1 = 9: 11 (2.0/1.0)
g2 = 12
|   health <= 2: 13 (4.0)
|   health > 2
|   |   g1 = 10: 12 (4.0/1.0)
|   |   g1 = 11: 11 (5.0/1.0)
|   |   g1 = 12
|   |   |   famrel <= 4
|   |   |   |   traveltime <= 1: 11 (4.0)
|   |   |   |   traveltime > 1: 12 (3.0/1.0)
|   |   |   famrel > 4
|   |   |   |   absences <= 10: 12 (3.0/1.0)
|   |   |   |   absences > 10: 13 (2.0)
|   |   g1 = 13: 12 (5.0)
|   |   g1 = 14
|   |   |   medu <= 2: 12 (3.0)
|   |   |   medu > 2: 11 (3.0/1.0)
|   |   g1 = 15: 12 (2.0/1.0)
|   |   g1 = 16: 13 (1.0)
|   |   g1 = 17: 12 (0.0)
|   |   g1 = 18: 12 (0.0)
|   |   g1 = 19: 12 (0.0)
|   |   g1 = 3: 12 (0.0)
|   |   g1 = 4: 12 (0.0)
|   |   g1 = 5: 12 (0.0)
|   |   g1 = 6: 12 (0.0)
|   |   g1 = 7: 12 (0.0)
|   |   g1 = 8: 12 (1.0)
|   |   g1 = 9: 11 (1.0)
g2 = 13
|   walc <= 1
|   |   mjob = at_home: 13 (3.0)
|   |   mjob = health: 13 (1.0)
|   |   mjob = other: 14 (3.0)
|   |   mjob = services: 14 (3.0)
|   |   mjob = teacher: 14 (2.0/1.0)
|   walc > 1
|   |   paid = no
|   |   |   school = GP
|   |   |   |   famsup = no
|   |   |   |   |   romantic = no: 12 (2.0/1.0)
|   |   |   |   |   romantic = yes: 14 (3.0)
|   |   |   |   famsup = yes: 12 (3.0)
|   |   |   school = MS: 13 (2.0)
|   |   paid = yes: 13 (15.0/3.0)
g2 = 14
|   failures <= 0
|   |   fedu <= 3
|   |   |   health <= 4: 14 (8.0/2.0)
|   |   |   health > 4: 15 (5.0/1.0)
|   |   fedu > 3: 14 (8.0)
|   failures > 0: 13 (2.0/1.0)
g2 = 15: 15 (34.0/11.0)
g2 = 16
|   goout <= 1: 17 (2.0)
|   goout > 1
|   |   fedu <= 3: 16 (9.0/2.0)
|   |   fedu > 3: 15 (2.0)
g2 = 17
|   fedu <= 3: 18 (2.0)
|   fedu > 3: 17 (3.0)
g2 = 18
|   famsize = GT3: 18 (9.0/1.0)
|   famsize = LE3: 19 (3.0/1.0)
g2 = 19: 19 (3.0/1.0)
g2 = 4: 0 (1.0)
g2 = 5
|   absences <= 2: 0 (6.0)
|   absences > 2
|   |   absences <= 7: 6 (4.0)
|   |   absences > 7: 5 (5.0)
g2 = 6
|   romantic = no
|   |   sex = F: 6 (6.0)
|   |   sex = M: 7 (2.0/1.0)
|   romantic = yes
|   |   studytime <= 1: 0 (4.0/1.0)
|   |   studytime > 1: 4 (2.0/1.0)
g2 = 7
|   goout <= 4
|   |   fjob = at_home: 8 (0.0)
|   |   fjob = health: 8 (0.0)
|   |   fjob = other
|   |   |   pstatus = A: 7 (2.0/1.0)
|   |   |   pstatus = T
|   |   |   |   age <= 16
|   |   |   |   |   romantic = no: 6 (4.0)
|   |   |   |   |   romantic = yes: 8 (2.0)
|   |   |   |   age > 16: 8 (4.0/1.0)
|   |   fjob = services
|   |   |   school = GP: 0 (2.0)
|   |   |   school = MS: 8 (3.0/1.0)
|   |   fjob = teacher: 7 (1.0)
|   goout > 4: 0 (3.0/1.0)
g2 = 8
|   address = R
|   |   famrel <= 4
|   |   |   freetime <= 3: 9 (2.0/1.0)
|   |   |   freetime > 3: 8 (2.0)
|   |   famrel > 4: 7 (4.0/1.0)
|   address = U
|   |   schoolsup = no
|   |   |   sex = F
|   |   |   |   absences <= 6
|   |   |   |   |   romantic = no: 9 (4.0/1.0)
|   |   |   |   |   romantic = yes: 0 (3.0)
|   |   |   |   absences > 6: 8 (2.0)
|   |   |   sex = M: 8 (7.0)
|   |   schoolsup = yes
|   |   |   failures <= 2
|   |   |   |   famsize = GT3
|   |   |   |   |   studytime <= 1: 11 (2.0)
|   |   |   |   |   studytime > 1: 8 (2.0)
|   |   |   |   famsize = LE3: 6 (2.0/1.0)
|   |   |   failures > 2: 10 (2.0)
g2 = 9
|   studytime <= 3
|   |   age <= 18
|   |   |   g1 = 10
|   |   |   |   medu <= 2: 8 (3.0/2.0)
|   |   |   |   medu > 2: 9 (8.0/1.0)
|   |   |   g1 = 11
|   |   |   |   famsup = no: 10 (2.0)
|   |   |   |   famsup = yes: 9 (2.0)
|   |   |   g1 = 12: 10 (0.0)
|   |   |   g1 = 13: 10 (0.0)
|   |   |   g1 = 14: 10 (0.0)
|   |   |   g1 = 15: 10 (0.0)
|   |   |   g1 = 16: 10 (0.0)
|   |   |   g1 = 17: 10 (0.0)
|   |   |   g1 = 18: 10 (0.0)
|   |   |   g1 = 19: 10 (0.0)
|   |   |   g1 = 3: 10 (0.0)
|   |   |   g1 = 4: 10 (0.0)
|   |   |   g1 = 5: 7 (1.0)
|   |   |   g1 = 6: 8 (2.0)
|   |   |   g1 = 7: 8 (4.0)
|   |   |   g1 = 8
|   |   |   |   traveltime <= 1: 10 (5.0)
|   |   |   |   traveltime > 1
|   |   |   |   |   address = R: 8 (2.0)
|   |   |   |   |   address = U: 10 (2.0)
|   |   |   g1 = 9
|   |   |   |   fjob = at_home: 10 (0.0)
|   |   |   |   fjob = health: 10 (0.0)
|   |   |   |   fjob = other: 10 (6.0/1.0)
|   |   |   |   fjob = services: 9 (3.0)
|   |   |   |   fjob = teacher: 10 (1.0)
|   |   age > 18
|   |   |   dalc <= 2: 0 (3.0/1.0)
|   |   |   dalc > 2: 9 (3.0)
|   studytime > 3: 0 (3.0)

Number of Leaves  : 	138

Size of the tree : 	200


Time taken to build model: 0.01 seconds

=== Stratified cross-validation ===
=== Summary ===

Correctly Classified Instances         161               40.7595 %
Incorrectly Classified Instances       234               59.2405 %
Kappa statistic                          0.3515
Mean absolute error                      0.0686
Root mean squared error                  0.2333
Relative absolute error                 67.3167 %
Root relative squared error            103.4235 %
Total Number of Instances              395     

=== Detailed Accuracy By Class ===

                 TP Rate  FP Rate  Precision  Recall   F-Measure  MCC      ROC Area  PRC Area  Class
                 0.500    0.039    0.576      0.500    0.535      0.491    0.749     0.433     0
                 0.000    0.003    0.000      0.000    0.000      -0.003   0.497     0.003     4
                 0.571    0.005    0.667      0.571    0.615      0.611    0.784     0.579     5
                 0.533    0.026    0.444      0.533    0.485      0.465    0.815     0.376     6
                 0.000    0.023    0.000      0.000    0.000      -0.023   0.532     0.028     7
                 0.156    0.069    0.167      0.156    0.161      0.090    0.632     0.152     8
                 0.393    0.057    0.344      0.393    0.367      0.316    0.746     0.229     9
                 0.500    0.121    0.406      0.500    0.448      0.348    0.732     0.303     10
                 0.362    0.078    0.386      0.362    0.374      0.292    0.693     0.249     11
                 0.226    0.044    0.304      0.226    0.259      0.209    0.662     0.161     12
                 0.516    0.033    0.571      0.516    0.542      0.506    0.835     0.453     13
                 0.259    0.052    0.269      0.259    0.264      0.211    0.761     0.282     14
                 0.636    0.055    0.512      0.636    0.568      0.527    0.830     0.347     15
                 0.375    0.024    0.400      0.375    0.387      0.362    0.865     0.246     16
                 0.333    0.005    0.500      0.333    0.400      0.401    0.734     0.412     17
                 0.667    0.010    0.667      0.667    0.667      0.656    0.908     0.555     18
                 0.400    0.005    0.500      0.400    0.444      0.441    0.892     0.380     19
                 0.000    0.000    0.000      0.000    0.000      0.000    0.496     0.003     20
Weighted Avg.    0.408    0.057    0.406      0.408    0.404      0.350    0.746     0.302     

=== Confusion Matrix ===

  a  b  c  d  e  f  g  h  i  j  k  l  m  n  o  p  q  r   <-- classified as
 19  0  0  1  3  7  4  4  0  0  0  0  0  0  0  0  0  0 |  a = 0
  1  0  0  0  0  0  0  0  0  0  0  0  0  0  0  0  0  0 |  b = 4
  1  0  4  1  1  0  0  0  0  0  0  0  0  0  0  0  0  0 |  c = 5
  2  1  1  8  0  3  0  0  0  0  0  0  0  0  0  0  0  0 |  d = 6
  2  0  1  2  0  2  0  2  0  0  0  0  0  0  0  0  0  0 |  e = 7
  4  0  0  6  3  5  5  9  0  0  0  0  0  0  0  0  0  0 |  f = 8
  3  0  0  0  0  8 11  5  1  0  0  0  0  0  0  0  0  0 |  g = 9
  1  0  0  0  2  5  9 28 10  1  0  0  0  0  0  0  0  0 |  h = 10
  0  0  0  0  0  0  3 16 17  9  2  0  0  0  0  0  0  0 |  i = 11
  0  0  0  0  0  0  0  4 12  7  2  6  0  0  0  0  0  0 |  j = 12
  0  0  0  0  0  0  0  1  2  4 16  7  1  0  0  0  0  0 |  k = 13
  0  0  0  0  0  0  0  0  2  2  8  7  8  0  0  0  0  0 |  l = 14
  0  0  0  0  0  0  0  0  0  0  0  6 21  6  0  0  0  0 |  m = 15
  0  0  0  0  0  0  0  0  0  0  0  0 10  6  0  0  0  0 |  n = 16
  0  0  0  0  0  0  0  0  0  0  0  0  1  2  2  1  0  0 |  o = 17
  0  0  0  0  0  0  0  0  0  0  0  0  0  1  2  8  1  0 |  p = 18
  0  0  0  0  0  0  0  0  0  0  0  0  0  0  0  3  2  0 |  q = 19
  0  0  0  0  0  0  0  0  0  0  0  0  0  0  0  0  1  0 |  r = 20

