=== Run information ===

Scheme:       weka.classifiers.bayes.NaiveBayes 
Relation:     student-mat
Instances:    395
Attributes:   33
              school
              sex
              age
              address
              famsize
              pstatus
              medu
              fedu
              mjob
              fjob
              reason
              guardian
              traveltime
              studytime
              failures
              schoolsup
              famsup
              paid
              activities
              nursery
              higher
              internet
              romantic
              famrel
              freetime
              goout
              dalc
              walc
              health
              absences
              g1
              g2
              g3
Test mode:    10-fold cross-validation

=== Classifier model (full training set) ===

Naive Bayes Classifier

                 Class
Attribute            0       4       5       6       7       8       9      10      11      12      13      14      15      16      17      18      19      20
                (0.09)     (0)  (0.02)  (0.04)  (0.02)  (0.08)  (0.07)  (0.14)  (0.12)  (0.08)  (0.08)  (0.07)  (0.08)  (0.04)  (0.02)  (0.03)  (0.01)     (0)
===============================================================================================================================================================
school
  GP               35.0     2.0     6.0    15.0     8.0    29.0    25.0    47.0    44.0    29.0    27.0    27.0    31.0    15.0     7.0    13.0     5.0     2.0
  MS                5.0     1.0     3.0     2.0     3.0     5.0     5.0    11.0     5.0     4.0     6.0     2.0     4.0     3.0     1.0     1.0     2.0     1.0
  [total]          40.0     3.0     9.0    17.0    11.0    34.0    30.0    58.0    49.0    33.0    33.0    29.0    35.0    18.0     8.0    14.0     7.0     3.0

sex
  F                24.0     2.0     4.0    14.0     5.0    15.0    18.0    31.0    30.0    12.0    18.0    15.0    17.0     7.0     4.0     6.0     3.0     1.0
  M                16.0     1.0     5.0     3.0     6.0    19.0    12.0    27.0    19.0    21.0    15.0    14.0    18.0    11.0     4.0     8.0     4.0     2.0
  [total]          40.0     3.0     9.0    17.0    11.0    34.0    30.0    58.0    49.0    33.0    33.0    29.0    35.0    18.0     8.0    14.0     7.0     3.0

age
  mean          17.0789      17 16.7143 16.3333      17 17.2188 17.1786  16.625  16.617 16.5161 16.8065 16.4815 16.2424  16.375 16.6667 16.4167    16.2      16
  std. dev.      1.2852  0.1667  1.0302  1.0111  1.7638  1.5357  1.3108  1.0784  1.2808  1.1034  1.2552  1.1012  1.1814  0.9922  1.1055   1.441  1.4697  0.1667
  weight sum         38       1       7      15       9      32      28      56      47      31      31      27      33      16       6      12       5       1
  precision           1       1       1       1       1       1       1       1       1       1       1       1       1       1       1       1       1       1

address
  R                11.0     1.0     5.0     4.0     7.0     8.0     4.0    18.0    11.0     9.0     8.0     4.0     4.0     4.0     2.0     3.0     2.0     1.0
  U                29.0     2.0     4.0    13.0     4.0    26.0    26.0    40.0    38.0    24.0    25.0    25.0    31.0    14.0     6.0    11.0     5.0     2.0
  [total]          40.0     3.0     9.0    17.0    11.0    34.0    30.0    58.0    49.0    33.0    33.0    29.0    35.0    18.0     8.0    14.0     7.0     3.0

famsize
  GT3              32.0     2.0     7.0    11.0     8.0    24.0    19.0    41.0    37.0    20.0    20.0    23.0    24.0    11.0     5.0    11.0     2.0     2.0
  LE3               8.0     1.0     2.0     6.0     3.0    10.0    11.0    17.0    12.0    13.0    13.0     6.0    11.0     7.0     3.0     3.0     5.0     1.0
  [total]          40.0     3.0     9.0    17.0    11.0    34.0    30.0    58.0    49.0    33.0    33.0    29.0    35.0    18.0     8.0    14.0     7.0     3.0

pstatus
  A                 3.0     1.0     1.0     4.0     3.0     2.0     4.0     6.0     9.0     4.0     5.0     2.0     4.0     2.0     2.0     3.0     3.0     1.0
  T                37.0     2.0     8.0    13.0     8.0    32.0    26.0    52.0    40.0    29.0    28.0    27.0    31.0    16.0     6.0    11.0     4.0     2.0
  [total]          40.0     3.0     9.0    17.0    11.0    34.0    30.0    58.0    49.0    33.0    33.0    29.0    35.0    18.0     8.0    14.0     7.0     3.0

medu
  mean           2.3158       4  2.7143  2.7333  2.7778  2.5313  2.7143  2.5357  2.6809  2.5161  2.7419  3.1852  3.0909  3.3125       3  3.4167     3.4       4
  std. dev.      1.0028  0.1667  1.1606  0.9978  1.1331  1.0602  1.1606  1.1014   1.054  1.0433  1.0463  0.9827  1.1379   1.044  0.8165  0.6401     0.8  0.1667
  weight sum         38       1       7      15       9      32      28      56      47      31      31      27      33      16       6      12       5       1
  precision           1       1       1       1       1       1       1       1       1       1       1       1       1       1       1       1       1       1

fedu
  mean           2.2895       3  2.5714  2.2667       2   2.375     2.5    2.25  2.6596  2.4839  2.6774  2.8148  2.7576  2.4375  3.6667  2.8333     2.8       3
  std. dev.       1.098  0.1667  1.0498  1.1235  1.2472  0.9922   0.982  1.0564  1.0164  1.1323  1.0591  1.1234  0.9857  1.2231  0.4714  1.0672  0.9798  0.1667
  weight sum         38       1       7      15       9      32      28      56      47      31      31      27      33      16       6      12       5       1
  precision           1       1       1       1       1       1       1       1       1       1       1       1       1       1       1       1       1       1

mjob
  at_home          10.0     1.0     2.0     5.0     1.0     5.0     5.0    18.0     3.0     4.0     7.0     4.0     5.0     2.0     1.0     1.0     2.0     1.0
  health            3.0     1.0     1.0     1.0     1.0     4.0     3.0     4.0     4.0     3.0     5.0     5.0     7.0     4.0     1.0     2.0     1.0     2.0
  other            15.0     2.0     5.0     8.0     6.0    13.0    11.0    17.0    21.0    15.0    12.0    12.0    10.0     5.0     2.0     2.0     2.0     1.0
  services         10.0     1.0     3.0     4.0     3.0    10.0     5.0    12.0    17.0    11.0     7.0     6.0    10.0     4.0     6.0     9.0     2.0     1.0
  teacher           5.0     1.0     1.0     2.0     3.0     5.0     9.0    10.0     7.0     3.0     5.0     5.0     6.0     6.0     1.0     3.0     3.0     1.0
  [total]          43.0     6.0    12.0    20.0    14.0    37.0    33.0    61.0    52.0    36.0    36.0    32.0    38.0    21.0    11.0    17.0    10.0     6.0

fjob
  at_home           4.0     1.0     1.0     2.0     1.0     2.0     4.0     2.0     3.0     2.0     4.0     2.0     3.0     2.0     1.0     1.0     2.0     1.0
  health            1.0     1.0     1.0     1.0     2.0     4.0     3.0     3.0     3.0     1.0     3.0     3.0     3.0     2.0     1.0     2.0     1.0     1.0
  other            22.0     2.0     5.0    12.0     7.0    18.0    10.0    39.0    27.0    18.0    20.0    16.0    17.0     7.0     2.0     8.0     4.0     1.0
  services         12.0     1.0     4.0     2.0     2.0    12.0    14.0    14.0    15.0    12.0     8.0     7.0    11.0     6.0     4.0     2.0     1.0     2.0
  teacher           4.0     1.0     1.0     3.0     2.0     1.0     2.0     3.0     4.0     3.0     1.0     4.0     4.0     4.0     3.0     4.0     2.0     1.0
  [total]          43.0     6.0    12.0    20.0    14.0    37.0    33.0    61.0    52.0    36.0    36.0    32.0    38.0    21.0    11.0    17.0    10.0     6.0

reason
  course           20.0     1.0     5.0     6.0     5.0    13.0    13.0    18.0    18.0    16.0    11.0     6.0    12.0     8.0     1.0     6.0     3.0     1.0
  home             13.0     1.0     2.0     5.0     1.0    12.0     9.0    18.0    17.0     6.0    10.0     8.0     9.0     6.0     2.0     5.0     2.0     1.0
  other             2.0     1.0     2.0     2.0     3.0     4.0     2.0     8.0     5.0     3.0     7.0     2.0     4.0     2.0     3.0     1.0     2.0     1.0
  reputation        7.0     2.0     2.0     6.0     4.0     7.0     8.0    16.0    11.0    10.0     7.0    15.0    12.0     4.0     4.0     4.0     2.0     2.0
  [total]          42.0     5.0    11.0    19.0    13.0    36.0    32.0    60.0    51.0    35.0    35.0    31.0    37.0    20.0    10.0    16.0     9.0     5.0

guardian
  father            9.0     1.0     2.0     5.0     2.0     6.0     7.0    17.0     9.0    10.0     9.0     9.0     7.0     5.0     3.0     5.0     1.0     1.0
  mother           26.0     2.0     7.0    12.0     8.0    22.0    19.0    38.0    36.0    21.0    20.0    20.0    27.0    12.0     5.0     8.0     6.0     2.0
  other             6.0     1.0     1.0     1.0     2.0     7.0     5.0     4.0     5.0     3.0     5.0     1.0     2.0     2.0     1.0     2.0     1.0     1.0
  [total]          41.0     4.0    10.0    18.0    12.0    35.0    31.0    59.0    50.0    34.0    34.0    30.0    36.0    19.0     9.0    15.0     8.0     4.0

traveltime
  mean           1.6053       1  1.1429  1.5333  1.6667     1.5  1.3571  1.6786  1.3617  1.4194  1.5484  1.1852  1.3636    1.25  1.3333  1.3333     1.2       1
  std. dev.      0.7793  0.1667  0.3499  0.6182  0.9428  0.6614  0.6662  0.8474  0.6661  0.6104  0.7967  0.3884  0.5938   0.433  0.4714  0.6236     0.4  0.1667
  weight sum         38       1       7      15       9      32      28      56      47      31      31      27      33      16       6      12       5       1
  precision           1       1       1       1       1       1       1       1       1       1       1       1       1       1       1       1       1       1

studytime
  mean           1.9737       2  1.4286  1.9333  1.8889  1.9375  2.0714  1.9464  2.1489  1.9355  1.9355  2.2963  2.1515   2.125     2.5  2.0833       2       4
  std. dev.      0.9028  0.1667  0.4949  0.6799  0.5666  0.8992  0.5933  0.8111  0.7432  0.8399  0.8006  0.9743   0.821   0.857  0.7638  1.1149  0.8944  0.1667
  weight sum         38       1       7      15       9      32      28      56      47      31      31      27      33      16       6      12       5       1
  precision           1       1       1       1       1       1       1       1       1       1       1       1       1       1       1       1       1       1

failures
  mean           0.9211       2       1       0  1.4444   0.625  0.4643  0.3571  0.1064  0.1935  0.2258   0.037  0.0606       0       0  0.0833       0       0
  std. dev.      1.0608  0.1667   1.069  0.1667  1.2571   0.857  0.8653   0.833  0.3083  0.3951  0.4892  0.1889  0.3428  0.1667  0.1667  0.2764  0.1667  0.1667
  weight sum         38       1       7      15       9      32      28      56      47      31      31      27      33      16       6      12       5       1
  precision           1       1       1       1       1       1       1       1       1       1       1       1       1       1       1       1       1       1

schoolsup
  no               38.0     2.0     6.0    10.0     8.0    27.0    23.0    47.0    39.0    28.0    30.0    27.0    33.0    17.0     6.0    13.0     6.0     2.0
  yes               2.0     1.0     3.0     7.0     3.0     7.0     7.0    11.0    10.0     5.0     3.0     2.0     2.0     1.0     2.0     1.0     1.0     1.0
  [total]          40.0     3.0     9.0    17.0    11.0    34.0    30.0    58.0    49.0    33.0    33.0    29.0    35.0    18.0     8.0    14.0     7.0     3.0

famsup
  no               16.0     2.0     3.0     3.0     5.0    12.0    11.0    25.0    17.0    14.0    16.0    10.0    16.0     8.0     2.0     5.0     4.0     2.0
  yes              24.0     1.0     6.0    14.0     6.0    22.0    19.0    33.0    32.0    19.0    17.0    19.0    19.0    10.0     6.0     9.0     3.0     1.0
  [total]          40.0     3.0     9.0    17.0    11.0    34.0    30.0    58.0    49.0    33.0    33.0    29.0    35.0    18.0     8.0    14.0     7.0     3.0

paid
  no               31.0     1.0     6.0    10.0     8.0    13.0    17.0    27.0    22.0    20.0    15.0    15.0    15.0    13.0     6.0     7.0     4.0     2.0
  yes               9.0     2.0     3.0     7.0     3.0    21.0    13.0    31.0    27.0    13.0    18.0    14.0    20.0     5.0     2.0     7.0     3.0     1.0
  [total]          40.0     3.0     9.0    17.0    11.0    34.0    30.0    58.0    49.0    33.0    33.0    29.0    35.0    18.0     8.0    14.0     7.0     3.0

activities
  no               18.0     2.0     5.0    11.0     5.0    20.0    11.0    28.0    25.0    16.0    20.0    11.0    16.0    10.0     3.0     5.0     5.0     1.0
  yes              22.0     1.0     4.0     6.0     6.0    14.0    19.0    30.0    24.0    17.0    13.0    18.0    19.0     8.0     5.0     9.0     2.0     2.0
  [total]          40.0     3.0     9.0    17.0    11.0    34.0    30.0    58.0    49.0    33.0    33.0    29.0    35.0    18.0     8.0    14.0     7.0     3.0

nursery
  no               11.0     1.0     2.0     3.0     4.0     7.0     5.0    11.0    14.0    12.0     4.0     7.0     9.0     4.0     1.0     2.0     1.0     1.0
  yes              29.0     2.0     7.0    14.0     7.0    27.0    25.0    47.0    35.0    21.0    29.0    22.0    26.0    14.0     7.0    12.0     6.0     2.0
  [total]          40.0     3.0     9.0    17.0    11.0    34.0    30.0    58.0    49.0    33.0    33.0    29.0    35.0    18.0     8.0    14.0     7.0     3.0

higher
  no                7.0     1.0     1.0     1.0     2.0     5.0     3.0     4.0     1.0     4.0     2.0     1.0     1.0     1.0     1.0     1.0     1.0     1.0
  yes              33.0     2.0     8.0    16.0     9.0    29.0    27.0    54.0    48.0    29.0    31.0    28.0    34.0    17.0     7.0    13.0     6.0     2.0
  [total]          40.0     3.0     9.0    17.0    11.0    34.0    30.0    58.0    49.0    33.0    33.0    29.0    35.0    18.0     8.0    14.0     7.0     3.0

internet
  no                9.0     1.0     2.0     6.0     4.0     4.0     7.0    13.0     7.0     9.0     5.0     6.0     3.0     1.0     2.0     3.0     1.0     1.0
  yes              31.0     2.0     7.0    11.0     7.0    30.0    23.0    45.0    42.0    24.0    28.0    23.0    32.0    17.0     6.0    11.0     6.0     2.0
  [total]          40.0     3.0     9.0    17.0    11.0    34.0    30.0    58.0    49.0    33.0    33.0    29.0    35.0    18.0     8.0    14.0     7.0     3.0

romantic
  no               19.0     1.0     6.0    14.0     5.0    23.0    17.0    46.0    31.0    18.0    20.0    20.0    25.0    10.0     6.0    12.0     6.0     2.0
  yes              21.0     2.0     3.0     3.0     6.0    11.0    13.0    12.0    18.0    15.0    13.0     9.0    10.0     8.0     2.0     2.0     1.0     1.0
  [total]          40.0     3.0     9.0    17.0    11.0    34.0    30.0    58.0    49.0    33.0    33.0    29.0    35.0    18.0     8.0    14.0     7.0     3.0

famrel
  mean           3.8421       3  3.7143       4  4.1111  3.9063  3.8571   4.125  3.8511  3.9032  3.7097  4.1481  3.9394       4       4  4.1667     4.2       4
  std. dev.      0.9875  0.1667  1.0302  0.6325  0.8749  0.8789   0.789  0.6286  0.8987  1.0882  1.0834  0.7047  0.9191  1.0607       1  0.7993  0.7483  0.1667
  weight sum         38       1       7      15       9      32      28      56      47      31      31      27      33      16       6      12       5       1
  precision           1       1       1       1       1       1       1       1       1       1       1       1       1       1       1       1       1       1

freetime
  mean           3.1316       4  4.1429  3.0667  3.4444  3.2813  3.2143  3.1786  3.1489  3.4194  3.0645  3.2222  3.2121     3.5  3.1667  3.1667     3.8       2
  std. dev.      0.8636  0.1667   0.833  0.9286  1.0657  0.9758  0.9395  1.0196  0.9671  1.0709   1.014  0.8315  0.9457       1  0.6872  1.4044  1.1662  0.1667
  weight sum         38       1       7      15       9      32      28      56      47      31      31      27      33      16       6      12       5       1
  precision           1       1       1       1       1       1       1       1       1       1       1       1       1       1       1       1       1       1

goout
  mean           3.2105       5       4  3.2667  3.3333  3.6563    3.25  3.0357  2.9787   2.871  2.9677  3.1852  2.7576       3     2.5    3.25     2.8       2
  std. dev.       1.301  0.1667  0.9258  1.1235  0.8165  0.9556  1.0564  1.1333  1.1576  1.0078   1.092  0.7716  0.8887  1.3229  1.3844  1.0104  0.7483  0.1667
  weight sum         38       1       7      15       9      32      28      56      47      31      31      27      33      16       6      12       5       1
  precision           1       1       1       1       1       1       1       1       1       1       1       1       1       1       1       1       1       1

dalc
  mean           1.3421       2  2.2857  1.1333  1.5556  1.6563    1.75  1.5357  1.4468  1.5806  1.9032  1.2222  1.1212   1.375     1.5  1.1667       1       1
  std. dev.       0.527  0.1667  1.4846  0.3399  0.8315  0.9556  1.0564  0.8444  0.9633  0.9763  1.3525  0.4969  0.3264   0.696  0.7638  0.3727  0.1667  0.1667
  weight sum         38       1       7      15       9      32      28      56      47      31      31      27      33      16       6      12       5       1
  precision           1       1       1       1       1       1       1       1       1       1       1       1       1       1       1       1       1       1

walc
  mean           1.9211       4  3.4286  1.6667  2.7778    2.75  2.3571    2.75  2.1489  2.4516  2.4839   1.963  1.9091  2.1875  1.8333  1.9167     1.2       1
  std. dev.      1.1558  0.1667  0.9035  0.8692  1.5476  1.3229  1.3684  1.3127  1.1481   1.187  1.4999  1.0357   0.965  1.3793  1.2134  1.2555     0.4  0.1667
  weight sum         38       1       7      15       9      32      28      56      47      31      31      27      33      16       6      12       5       1
  precision           1       1       1       1       1       1       1       1       1       1       1       1       1       1       1       1       1       1

health
  mean           3.6053       1  3.7143  3.6667       4  3.6563  3.8214  3.3036  3.7447   3.871  3.5484  3.1852  3.5152  3.6875  3.1667  3.4167     2.2       2
  std. dev.      1.2678  0.1667  1.3851  1.3984  0.8165  1.3831  1.1666  1.3218  1.3284  1.1568  1.5206  1.4152  1.6719  1.2609   1.675  1.4977  1.1662  0.1667
  weight sum         38       1       7      15       9      32      28      56      47      31      31      27      33      16       6      12       5       1
  precision           1       1       1       1       1       1       1       1       1       1       1       1       1       1       1       1       1       1

absences
  mean                0 22.7273 11.3636  8.3333  6.8182  9.8722 10.3084  5.1542  7.6886  4.6188  7.6979  4.3771  3.0303   3.125  3.7879  6.6288  4.0909  4.5455
  std. dev.      0.3788  0.3788  4.2083  6.6217  5.8682 12.1677 14.0689   4.453 10.2453  5.5215  6.2622  3.3838  4.0217  3.0991  5.0252  7.7882  3.6364  0.3788
  weight sum         38       1       7      15       9      32      28      56      47      31      31      27      33      16       6      12       5       1
  precision      2.2727  2.2727  2.2727  2.2727  2.2727  2.2727  2.2727  2.2727  2.2727  2.2727  2.2727  2.2727  2.2727  2.2727  2.2727  2.2727  2.2727  2.2727

g1
  10                6.0     1.0     1.0     1.0     2.0     3.0    14.0    13.0    10.0     6.0     4.0     2.0     1.0     1.0     1.0     1.0     1.0     1.0
  11                2.0     1.0     1.0     1.0     1.0     2.0     3.0    15.0    13.0     2.0     5.0     4.0     2.0     1.0     1.0     1.0     1.0     1.0
  12                2.0     1.0     1.0     1.0     1.0     1.0     1.0     2.0    11.0    11.0     7.0     5.0     4.0     1.0     1.0     1.0     1.0     1.0
  13                1.0     1.0     1.0     1.0     1.0     1.0     1.0     2.0     8.0     9.0     7.0     7.0     5.0     2.0     1.0     1.0     1.0     1.0
  14                1.0     1.0     1.0     1.0     1.0     1.0     1.0     1.0     3.0     4.0    10.0     7.0     6.0     6.0     1.0     1.0     1.0     1.0
  15                1.0     1.0     1.0     1.0     1.0     1.0     1.0     1.0     1.0     2.0     3.0     8.0    11.0     4.0     1.0     2.0     1.0     1.0
  16                1.0     1.0     1.0     1.0     1.0     1.0     1.0     1.0     1.0     1.0     2.0     1.0    10.0     5.0     5.0     4.0     2.0     1.0
  17                1.0     1.0     1.0     1.0     1.0     1.0     1.0     1.0     1.0     1.0     1.0     1.0     2.0     3.0     3.0     4.0     1.0     1.0
  18                1.0     1.0     1.0     1.0     1.0     1.0     1.0     1.0     1.0     1.0     1.0     1.0     1.0     2.0     1.0     5.0     4.0     1.0
  19                1.0     1.0     1.0     1.0     1.0     1.0     1.0     1.0     1.0     1.0     1.0     1.0     1.0     1.0     1.0     2.0     2.0     2.0
  3                 1.0     1.0     2.0     1.0     1.0     1.0     1.0     1.0     1.0     1.0     1.0     1.0     1.0     1.0     1.0     1.0     1.0     1.0
  4                 2.0     1.0     1.0     1.0     1.0     1.0     1.0     1.0     1.0     1.0     1.0     1.0     1.0     1.0     1.0     1.0     1.0     1.0
  5                 3.0     1.0     2.0     3.0     3.0     1.0     1.0     1.0     1.0     1.0     1.0     1.0     1.0     1.0     1.0     1.0     1.0     1.0
  6                10.0     2.0     4.0     5.0     1.0     7.0     1.0     2.0     1.0     1.0     1.0     1.0     1.0     1.0     1.0     1.0     1.0     1.0
  7                12.0     1.0     2.0     6.0     5.0     9.0     3.0     5.0     3.0     1.0     1.0     1.0     1.0     1.0     1.0     1.0     1.0     1.0
  8                 5.0     1.0     2.0     4.0     2.0    11.0     5.0    14.0     4.0     3.0     1.0     1.0     1.0     1.0     1.0     1.0     1.0     1.0
  9                 5.0     1.0     1.0     2.0     2.0     6.0     8.0    11.0     3.0     2.0     1.0     1.0     1.0     1.0     1.0     1.0     1.0     1.0
  [total]          55.0    18.0    24.0    32.0    26.0    49.0    45.0    73.0    64.0    48.0    48.0    44.0    50.0    33.0    23.0    29.0    22.0    18.0

g2
  0                14.0     1.0     1.0     1.0     1.0     1.0     1.0     1.0     1.0     1.0     1.0     1.0     1.0     1.0     1.0     1.0     1.0     1.0
  10                3.0     1.0     1.0     1.0     1.0     1.0     6.0    27.0    12.0     3.0     1.0     1.0     1.0     1.0     1.0     1.0     1.0     1.0
  11                1.0     1.0     1.0     1.0     1.0     1.0     2.0     9.0    20.0     7.0     2.0     1.0     1.0     1.0     1.0     1.0     1.0     1.0
  12                1.0     1.0     1.0     1.0     1.0     1.0     1.0     2.0    14.0    18.0     9.0     3.0     1.0     1.0     1.0     1.0     1.0     1.0
  13                1.0     1.0     1.0     1.0     1.0     1.0     1.0     1.0     2.0     7.0    20.0    11.0     2.0     1.0     1.0     1.0     1.0     1.0
  14                1.0     1.0     1.0     1.0     1.0     1.0     1.0     1.0     1.0     1.0     4.0    15.0     7.0     1.0     1.0     1.0     1.0     1.0
  15                1.0     1.0     1.0     1.0     1.0     1.0     1.0     1.0     1.0     1.0     1.0     2.0    24.0    10.0     2.0     1.0     1.0     1.0
  16                1.0     1.0     1.0     1.0     1.0     1.0     1.0     1.0     1.0     1.0     1.0     1.0     4.0     8.0     3.0     2.0     1.0     1.0
  17                1.0     1.0     1.0     1.0     1.0     1.0     1.0     1.0     1.0     1.0     1.0     1.0     1.0     1.0     4.0     3.0     1.0     1.0
  18                1.0     1.0     1.0     1.0     1.0     1.0     1.0     1.0     1.0     1.0     1.0     1.0     1.0     1.0     1.0    10.0     4.0     1.0
  19                1.0     1.0     1.0     1.0     1.0     1.0     1.0     1.0     1.0     1.0     1.0     1.0     1.0     1.0     1.0     1.0     3.0     2.0
  4                 2.0     1.0     1.0     1.0     1.0     1.0     1.0     1.0     1.0     1.0     1.0     1.0     1.0     1.0     1.0     1.0     1.0     1.0
  5                 7.0     1.0     6.0     5.0     1.0     1.0     1.0     1.0     1.0     1.0     1.0     1.0     1.0     1.0     1.0     1.0     1.0     1.0
  6                 4.0     2.0     2.0     7.0     3.0     2.0     1.0     1.0     1.0     1.0     1.0     1.0     1.0     1.0     1.0     1.0     1.0     1.0
  7                 5.0     1.0     2.0     5.0     4.0     8.0     3.0     1.0     1.0     1.0     1.0     1.0     1.0     1.0     1.0     1.0     1.0     1.0
  8                 5.0     1.0     1.0     2.0     4.0    14.0     6.0     5.0     3.0     1.0     1.0     1.0     1.0     1.0     1.0     1.0     1.0     1.0
  9                 6.0     1.0     1.0     1.0     2.0    12.0    16.0    18.0     2.0     1.0     1.0     1.0     1.0     1.0     1.0     1.0     1.0     1.0
  [total]          55.0    18.0    24.0    32.0    26.0    49.0    45.0    73.0    64.0    48.0    48.0    44.0    50.0    33.0    23.0    29.0    22.0    18.0



Time taken to build model: 0 seconds

=== Stratified cross-validation ===
=== Summary ===

Correctly Classified Instances         133               33.6709 %
Incorrectly Classified Instances       262               66.3291 %
Kappa statistic                          0.275 
Mean absolute error                      0.0767
Root mean squared error                  0.2216
Relative absolute error                 75.2956 %
Root relative squared error             98.2299 %
Total Number of Instances              395     

=== Detailed Accuracy By Class ===

                 TP Rate  FP Rate  Precision  Recall   F-Measure  MCC      ROC Area  PRC Area  Class
                 0.711    0.042    0.643      0.711    0.675      0.639    0.973     0.788     0
                 0.000    0.000    0.000      0.000    0.000      0.000    0.187     0.003     4
                 0.143    0.013    0.167      0.143    0.154      0.140    0.792     0.114     5
                 0.533    0.039    0.348      0.533    0.421      0.403    0.866     0.441     6
                 0.111    0.018    0.125      0.111    0.118      0.098    0.641     0.059     7
                 0.250    0.058    0.276      0.250    0.262      0.201    0.813     0.242     8
                 0.036    0.054    0.048      0.036    0.041      -0.021   0.721     0.142     9
                 0.482    0.094    0.458      0.482    0.470      0.379    0.857     0.551     10
                 0.298    0.075    0.350      0.298    0.322      0.240    0.769     0.301     11
                 0.161    0.055    0.200      0.161    0.179      0.117    0.810     0.237     12
                 0.290    0.047    0.346      0.290    0.316      0.264    0.812     0.304     13
                 0.481    0.092    0.277      0.481    0.351      0.303    0.882     0.380     14
                 0.455    0.072    0.366      0.455    0.405      0.347    0.837     0.403     15
                 0.000    0.026    0.000      0.000    0.000      -0.033   0.787     0.113     16
                 0.167    0.005    0.333      0.167    0.222      0.228    0.665     0.214     17
                 0.250    0.016    0.333      0.250    0.286      0.270    0.801     0.221     18
                 0.000    0.015    0.000      0.000    0.000      -0.014   0.789     0.067     19
                 0.000    0.000    0.000      0.000    0.000      0.000    0.180     0.003     20
Weighted Avg.    0.337    0.059    0.321      0.337    0.324      0.268    0.820     0.357     

=== Confusion Matrix ===

  a  b  c  d  e  f  g  h  i  j  k  l  m  n  o  p  q  r   <-- classified as
 27  0  0  1  0  1  1  4  1  0  0  1  0  1  1  0  0  0 |  a = 0
  0  0  0  0  0  1  0  0  0  0  0  0  0  0  0  0  0  0 |  b = 4
  0  0  1  2  2  2  0  0  0  0  0  0  0  0  0  0  0  0 |  c = 5
  1  0  0  8  0  2  0  0  1  0  1  2  0  0  0  0  0  0 |  d = 6
  1  0  1  1  1  2  3  0  0  0  0  0  0  0  0  0  0  0 |  e = 7
  5  0  2  3  1  8  6  6  0  0  0  0  1  0  0  0  0  0 |  f = 8
  2  0  0  1  1  7  1 11  3  0  0  2  0  0  0  0  0  0 |  g = 9
  2  0  0  3  2  2  4 27  8  2  2  2  0  0  0  1  1  0 |  h = 10
  1  0  0  1  0  1  5  8 14  7  1  6  0  0  1  0  2  0 |  i = 11
  2  0  0  0  1  0  0  1 10  5  8  4  0  0  0  0  0  0 |  j = 12
  0  0  2  0  0  1  1  1  3  6  9  8  0  0  0  0  0  0 |  k = 13
  0  0  0  1  0  0  0  0  0  2  4 13  7  0  0  0  0  0 |  l = 14
  0  0  0  0  0  1  0  1  0  1  0  7 15  6  0  1  1  0 |  m = 15
  1  0  0  0  0  0  0  0  0  2  0  0 13  0  0  0  0  0 |  n = 16
  0  0  0  0  0  0  0  0  0  0  1  0  2  1  1  1  0  0 |  o = 17
  0  0  0  2  0  1  0  0  0  0  0  0  3  1  0  3  2  0 |  p = 18
  0  0  0  0  0  0  0  0  0  0  0  1  0  1  0  3  0  0 |  q = 19
  0  0  0  0  0  0  0  0  0  0  0  1  0  0  0  0  0  0 |  r = 20

