=== Run information ===

Scheme:       weka.classifiers.rules.OneR -B 6
Relation:     student-mat
Instances:    395
Attributes:   33
              school
              sex
              age
              address
              famsize
              pstatus
              medu
              fedu
              mjob
              fjob
              reason
              guardian
              traveltime
              studytime
              failures
              schoolsup
              famsup
              paid
              activities
              nursery
              higher
              internet
              romantic
              famrel
              freetime
              goout
              dalc
              walc
              health
              absences
              g1
              g2
              g3
Test mode:    10-fold cross-validation

=== Classifier model (full training set) ===

g2:
	0	-> 0
	10	-> 10
	11	-> 11
	12	-> 12
	13	-> 13
	14	-> 14
	15	-> 15
	16	-> 16
	17	-> 17
	18	-> 18
	19	-> 19
	4	-> 0
	5	-> 0
	6	-> 6
	7	-> 8
	8	-> 8
	9	-> 10
(202/395 instances correct)


Time taken to build model: 0 seconds

=== Stratified cross-validation ===
=== Summary ===

Correctly Classified Instances         198               50.1266 %
Incorrectly Classified Instances       197               49.8734 %
Kappa statistic                          0.451 
Mean absolute error                      0.0554
Root mean squared error                  0.2354
Relative absolute error                 54.3707 %
Root relative squared error            104.3406 %
Total Number of Instances              395     

=== Detailed Accuracy By Class ===

                 TP Rate  FP Rate  Precision  Recall   F-Measure  MCC      ROC Area  PRC Area  Class
                 0.474    0.025    0.667      0.474    0.554      0.524    0.724     0.366     0
                 0.000    0.000    0.000      0.000    0.000      0.000    0.500     0.003     4
                 0.000    0.005    0.000      0.000    0.000      -0.010   0.497     0.018     5
                 0.400    0.021    0.429      0.400    0.414      0.392    0.689     0.194     6
                 0.000    0.000    0.000      0.000    0.000      0.000    0.500     0.023     7
                 0.625    0.091    0.377      0.625    0.471      0.428    0.767     0.266     8
                 0.036    0.022    0.111      0.036    0.054      0.024    0.507     0.072     9
                 0.714    0.139    0.460      0.714    0.559      0.485    0.788     0.369     10
                 0.404    0.046    0.543      0.404    0.463      0.408    0.679     0.290     11
                 0.548    0.066    0.415      0.548    0.472      0.425    0.741     0.263     12
                 0.613    0.049    0.514      0.613    0.559      0.520    0.782     0.345     13
                 0.519    0.024    0.609      0.519    0.560      0.532    0.747     0.349     14
                 0.697    0.030    0.676      0.697    0.687      0.658    0.833     0.497     15
                 0.438    0.016    0.538      0.438    0.483      0.466    0.711     0.258     16
                 0.500    0.005    0.600      0.500    0.545      0.541    0.747     0.308     17
                 0.750    0.008    0.750      0.750    0.750      0.742    0.871     0.570     18
                 0.400    0.003    0.667      0.400    0.500      0.512    0.699     0.274     19
                 0.000    0.000    0.000      0.000    0.000      0.000    0.500     0.003     20
Weighted Avg.    0.501    0.052    0.482      0.501    0.479      0.440    0.725     0.306     

=== Confusion Matrix ===

  a  b  c  d  e  f  g  h  i  j  k  l  m  n  o  p  q  r   <-- classified as
 18  0  2  3  0  8  3  4  0  0  0  0  0  0  0  0  0  0 |  a = 0
  0  0  0  1  0  0  0  0  0  0  0  0  0  0  0  0  0  0 |  b = 4
  5  0  0  1  0  1  0  0  0  0  0  0  0  0  0  0  0  0 |  c = 5
  4  0  0  6  0  5  0  0  0  0  0  0  0  0  0  0  0  0 |  d = 6
  0  0  0  2  0  6  0  1  0  0  0  0  0  0  0  0  0  0 |  e = 7
  0  0  0  1  0 20  2  9  0  0  0  0  0  0  0  0  0  0 |  f = 8
  0  0  0  0  0  7  1 19  1  0  0  0  0  0  0  0  0  0 |  g = 9
  0  0  0  0  0  4  3 40  8  1  0  0  0  0  0  0  0  0 |  h = 10
  0  0  0  0  0  2  0 12 19 13  1  0  0  0  0  0  0  0 |  i = 11
  0  0  0  0  0  0  0  2  6 17  6  0  0  0  0  0  0  0 |  j = 12
  0  0  0  0  0  0  0  0  1  8 19  3  0  0  0  0  0  0 |  k = 13
  0  0  0  0  0  0  0  0  0  2 10 14  1  0  0  0  0  0 |  l = 14
  0  0  0  0  0  0  0  0  0  0  1  6 23  3  0  0  0  0 |  m = 15
  0  0  0  0  0  0  0  0  0  0  0  0  9  7  0  0  0  0 |  n = 16
  0  0  0  0  0  0  0  0  0  0  0  0  1  2  3  0  0  0 |  o = 17
  0  0  0  0  0  0  0  0  0  0  0  0  0  1  2  9  0  0 |  p = 18
  0  0  0  0  0  0  0  0  0  0  0  0  0  0  0  3  2  0 |  q = 19
  0  0  0  0  0  0  0  0  0  0  0  0  0  0  0  0  1  0 |  r = 20

