=== Run information ===

Scheme:       weka.classifiers.rules.ZeroR 
Relation:     student-mat
Instances:    395
Attributes:   33
              school
              sex
              age
              address
              famsize
              pstatus
              medu
              fedu
              mjob
              fjob
              reason
              guardian
              traveltime
              studytime
              failures
              schoolsup
              famsup
              paid
              activities
              nursery
              higher
              internet
              romantic
              famrel
              freetime
              goout
              dalc
              walc
              health
              absences
              g1
              g2
              g3
Test mode:    10-fold cross-validation

=== Classifier model (full training set) ===

ZeroR predicts class value: 10

Time taken to build model: 0 seconds

=== Stratified cross-validation ===
=== Summary ===

Correctly Classified Instances          56               14.1772 %
Incorrectly Classified Instances       339               85.8228 %
Kappa statistic                          0     
Mean absolute error                      0.1019
Root mean squared error                  0.2256
Relative absolute error                100      %
Root relative squared error            100      %
Total Number of Instances              395     

=== Detailed Accuracy By Class ===

                 TP Rate  FP Rate  Precision  Recall   F-Measure  MCC      ROC Area  PRC Area  Class
                 0.000    0.000    0.000      0.000    0.000      0.000    0.476     0.092     0
                 0.000    0.000    0.000      0.000    0.000      0.000    0.049     0.003     4
                 0.000    0.000    0.000      0.000    0.000      0.000    0.347     0.016     5
                 0.000    0.000    0.000      0.000    0.000      0.000    0.417     0.034     6
                 0.000    0.000    0.000      0.000    0.000      0.000    0.445     0.022     7
                 0.000    0.000    0.000      0.000    0.000      0.000    0.469     0.077     8
                 0.000    0.000    0.000      0.000    0.000      0.000    0.467     0.066     9
                 1.000    1.000    0.142      1.000    0.248      0.000    0.477     0.136     10
                 0.000    0.000    0.000      0.000    0.000      0.000    0.472     0.112     11
                 0.000    0.000    0.000      0.000    0.000      0.000    0.481     0.076     12
                 0.000    0.000    0.000      0.000    0.000      0.000    0.482     0.076     13
                 0.000    0.000    0.000      0.000    0.000      0.000    0.455     0.062     14
                 0.000    0.000    0.000      0.000    0.000      0.000    0.462     0.078     15
                 0.000    0.000    0.000      0.000    0.000      0.000    0.418     0.035     16
                 0.000    0.000    0.000      0.000    0.000      0.000    0.298     0.014     17
                 0.000    0.000    0.000      0.000    0.000      0.000    0.428     0.027     18
                 0.000    0.000    0.000      0.000    0.000      0.000    0.246     0.011     19
                 0.000    0.000    0.000      0.000    0.000      0.000    0.049     0.003     20
Weighted Avg.    0.142    0.142    0.020      0.142    0.035      0.000    0.456     0.080     

=== Confusion Matrix ===

  a  b  c  d  e  f  g  h  i  j  k  l  m  n  o  p  q  r   <-- classified as
  0  0  0  0  0  0  0 38  0  0  0  0  0  0  0  0  0  0 |  a = 0
  0  0  0  0  0  0  0  1  0  0  0  0  0  0  0  0  0  0 |  b = 4
  0  0  0  0  0  0  0  7  0  0  0  0  0  0  0  0  0  0 |  c = 5
  0  0  0  0  0  0  0 15  0  0  0  0  0  0  0  0  0  0 |  d = 6
  0  0  0  0  0  0  0  9  0  0  0  0  0  0  0  0  0  0 |  e = 7
  0  0  0  0  0  0  0 32  0  0  0  0  0  0  0  0  0  0 |  f = 8
  0  0  0  0  0  0  0 28  0  0  0  0  0  0  0  0  0  0 |  g = 9
  0  0  0  0  0  0  0 56  0  0  0  0  0  0  0  0  0  0 |  h = 10
  0  0  0  0  0  0  0 47  0  0  0  0  0  0  0  0  0  0 |  i = 11
  0  0  0  0  0  0  0 31  0  0  0  0  0  0  0  0  0  0 |  j = 12
  0  0  0  0  0  0  0 31  0  0  0  0  0  0  0  0  0  0 |  k = 13
  0  0  0  0  0  0  0 27  0  0  0  0  0  0  0  0  0  0 |  l = 14
  0  0  0  0  0  0  0 33  0  0  0  0  0  0  0  0  0  0 |  m = 15
  0  0  0  0  0  0  0 16  0  0  0  0  0  0  0  0  0  0 |  n = 16
  0  0  0  0  0  0  0  6  0  0  0  0  0  0  0  0  0  0 |  o = 17
  0  0  0  0  0  0  0 12  0  0  0  0  0  0  0  0  0  0 |  p = 18
  0  0  0  0  0  0  0  5  0  0  0  0  0  0  0  0  0  0 |  q = 19
  0  0  0  0  0  0  0  1  0  0  0  0  0  0  0  0  0  0 |  r = 20

